mode: set
github.com/patrickkabwe/grx/exec/apollo_tracing.go:30.36,32.2 1 1
github.com/patrickkabwe/grx/exec/apollo_tracing.go:36.96,37.41 1 1
github.com/patrickkabwe/grx/exec/apollo_tracing.go:37.41,39.3 1 0
github.com/patrickkabwe/grx/exec/apollo_tracing.go:40.2,51.19 5 1
github.com/patrickkabwe/grx/exec/apollo_tracing.go:56.63,61.32 4 1
github.com/patrickkabwe/grx/exec/apollo_tracing.go:61.32,63.28 2 1
github.com/patrickkabwe/grx/exec/apollo_tracing.go:63.28,65.4 1 1
github.com/patrickkabwe/grx/exec/apollo_tracing.go:66.3,73.5 1 1
github.com/patrickkabwe/grx/exec/apollo_tracing.go:76.2,84.3 1 1
github.com/patrickkabwe/grx/exec/apollo_tracing.go:88.77,89.41 1 1
github.com/patrickkabwe/grx/exec/apollo_tracing.go:89.41,91.3 1 1
github.com/patrickkabwe/grx/exec/apollo_tracing.go:92.2,92.27 1 1
github.com/patrickkabwe/grx/exec/apollo_tracing.go:92.27,94.3 1 1
github.com/patrickkabwe/grx/exec/apollo_tracing.go:95.2,96.12 2 1
github.com/patrickkabwe/grx/exec/ast.go:59.41,60.19 1 1
github.com/patrickkabwe/grx/exec/ast.go:60.19,62.3 1 1
github.com/patrickkabwe/grx/exec/ast.go:63.2,63.15 1 1
github.com/patrickkabwe/grx/exec/ast.go:66.35,68.2 1 1
github.com/patrickkabwe/grx/exec/ast.go:70.44,72.2 1 1
github.com/patrickkabwe/grx/exec/ast.go:74.44,76.2 1 1
github.com/patrickkabwe/grx/exec/coercion.go:9.67,10.18 1 1
github.com/patrickkabwe/grx/exec/coercion.go:10.18,12.3 1 0
github.com/patrickkabwe/grx/exec/coercion.go:13.2,14.53 2 1
github.com/patrickkabwe/grx/exec/coercion.go:14.53,15.18 1 1
github.com/patrickkabwe/grx/exec/coercion.go:15.18,17.4 1 1
github.com/patrickkabwe/grx/exec/coercion.go:18.3,19.31 2 1
github.com/patrickkabwe/grx/exec/coercion.go:21.2,21.18 1 1
github.com/patrickkabwe/grx/exec/coercion.go:22.13,23.32 1 1
github.com/patrickkabwe/grx/exec/coercion.go:24.15,25.34 1 0
github.com/patrickkabwe/grx/exec/coercion.go:26.17,27.36 1 1
github.com/patrickkabwe/grx/exec/coercion.go:27.36,29.4 1 0
github.com/patrickkabwe/grx/exec/coercion.go:30.3,30.66 1 1
github.com/patrickkabwe/grx/exec/coercion.go:31.16,32.38 1 1
github.com/patrickkabwe/grx/exec/coercion.go:32.38,34.4 1 1
github.com/patrickkabwe/grx/exec/coercion.go:35.3,35.65 1 1
github.com/patrickkabwe/grx/exec/coercion.go:36.12,37.31 1 0
github.com/patrickkabwe/grx/exec/coercion.go:38.10,39.20 1 1
github.com/patrickkabwe/grx/exec/coercion.go:43.56,44.22 1 1
github.com/patrickkabwe/grx/exec/coercion.go:45.107,46.20 1 1
github.com/patrickkabwe/grx/exec/coercion.go:47.10,48.20 1 1
github.com/patrickkabwe/grx/exec/coercion.go:52.46,53.31 1 1
github.com/patrickkabwe/grx/exec/coercion.go:54.11,55.53 1 1
github.com/patrickkabwe/grx/exec/coercion.go:55.53,57.4 1 1
github.com/patrickkabwe/grx/exec/coercion.go:58.3,58.20 1 1
github.com/patrickkabwe/grx/exec/coercion.go:59.12,60.25 1 1
github.com/patrickkabwe/grx/exec/coercion.go:61.13,62.25 1 0
github.com/patrickkabwe/grx/exec/coercion.go:63.13,64.25 1 0
github.com/patrickkabwe/grx/exec/coercion.go:65.13,66.53 1 1
github.com/patrickkabwe/grx/exec/coercion.go:66.53,68.4 1 1
github.com/patrickkabwe/grx/exec/coercion.go:69.3,69.25 1 0
github.com/patrickkabwe/grx/exec/coercion.go:70.43,72.34 2 1
github.com/patrickkabwe/grx/exec/coercion.go:72.34,74.4 1 1
github.com/patrickkabwe/grx/exec/coercion.go:75.3,75.23 1 1
github.com/patrickkabwe/grx/exec/coercion.go:76.10,77.62 1 1
github.com/patrickkabwe/grx/exec/coercion.go:81.48,82.31 1 1
github.com/patrickkabwe/grx/exec/coercion.go:83.15,84.29 1 0
github.com/patrickkabwe/grx/exec/coercion.go:85.15,86.48 1 1
github.com/patrickkabwe/grx/exec/coercion.go:86.48,88.4 1 1
github.com/patrickkabwe/grx/exec/coercion.go:89.3,89.20 1 0
github.com/patrickkabwe/grx/exec/coercion.go:90.38,91.52 1 1
github.com/patrickkabwe/grx/exec/coercion.go:92.43,93.53 1 1
github.com/patrickkabwe/grx/exec/coercion.go:94.10,95.64 1 1
github.com/patrickkabwe/grx/exec/coercion.go:99.45,100.31 1 1
github.com/patrickkabwe/grx/exec/coercion.go:101.14,102.20 1 1
github.com/patrickkabwe/grx/exec/coercion.go:103.38,104.55 1 1
github.com/patrickkabwe/grx/exec/coercion.go:105.43,106.56 1 1
github.com/patrickkabwe/grx/exec/coercion.go:107.10,108.61 1 1
github.com/patrickkabwe/grx/exec/directives.go:18.77,21.25 3 1
github.com/patrickkabwe/grx/exec/directives.go:21.25,22.17 1 1
github.com/patrickkabwe/grx/exec/directives.go:23.15,25.18 2 1
github.com/patrickkabwe/grx/exec/directives.go:25.18,27.5 1 1
github.com/patrickkabwe/grx/exec/directives.go:28.4,28.9 1 1
github.com/patrickkabwe/grx/exec/directives.go:28.9,30.5 1 1
github.com/patrickkabwe/grx/exec/directives.go:31.18,33.18 2 1
github.com/patrickkabwe/grx/exec/directives.go:33.18,35.5 1 0
github.com/patrickkabwe/grx/exec/directives.go:36.4,36.10 1 1
github.com/patrickkabwe/grx/exec/directives.go:36.10,38.5 1 1
github.com/patrickkabwe/grx/exec/directives.go:41.2,41.27 1 1
github.com/patrickkabwe/grx/exec/directives.go:44.61,45.17 1 1
github.com/patrickkabwe/grx/exec/directives.go:45.17,47.3 1 0
github.com/patrickkabwe/grx/exec/directives.go:48.2,49.9 2 1
github.com/patrickkabwe/grx/exec/directives.go:49.9,51.3 1 0
github.com/patrickkabwe/grx/exec/directives.go:52.2,52.36 1 1
github.com/patrickkabwe/grx/exec/directives.go:52.36,53.20 1 1
github.com/patrickkabwe/grx/exec/directives.go:53.20,55.4 1 0
github.com/patrickkabwe/grx/exec/directives.go:56.3,56.16 1 1
github.com/patrickkabwe/grx/exec/directives.go:58.2,59.9 2 1
github.com/patrickkabwe/grx/exec/directives.go:59.9,61.3 1 1
github.com/patrickkabwe/grx/exec/directives.go:62.2,62.15 1 1
github.com/patrickkabwe/grx/exec/directives.go:65.67,66.14 1 1
github.com/patrickkabwe/grx/exec/directives.go:66.14,68.3 1 0
github.com/patrickkabwe/grx/exec/directives.go:69.2,69.27 1 1
github.com/patrickkabwe/grx/exec/directives.go:69.27,71.3 1 1
github.com/patrickkabwe/grx/exec/directives.go:72.2,72.37 1 1
github.com/patrickkabwe/grx/exec/directives.go:72.37,73.50 1 1
github.com/patrickkabwe/grx/exec/directives.go:73.50,75.4 1 1
github.com/patrickkabwe/grx/exec/directives.go:77.2,77.14 1 1
github.com/patrickkabwe/grx/exec/directives.go:80.184,84.31 4 1
github.com/patrickkabwe/grx/exec/directives.go:84.31,86.17 2 1
github.com/patrickkabwe/grx/exec/directives.go:86.17,88.12 2 0
github.com/patrickkabwe/grx/exec/directives.go:90.3,90.23 1 1
github.com/patrickkabwe/grx/exec/directives.go:90.23,91.12 1 1
github.com/patrickkabwe/grx/exec/directives.go:94.3,94.10 1 1
github.com/patrickkabwe/grx/exec/directives.go:95.29,97.17 2 1
github.com/patrickkabwe/grx/exec/directives.go:97.17,99.13 2 0
github.com/patrickkabwe/grx/exec/directives.go:101.4,101.54 1 1
github.com/patrickkabwe/grx/exec/directives.go:101.54,102.13 1 0
github.com/patrickkabwe/grx/exec/directives.go:104.4,104.21 1 1
github.com/patrickkabwe/grx/exec/directives.go:104.21,105.62 1 1
github.com/patrickkabwe/grx/exec/directives.go:105.62,107.14 2 1
github.com/patrickkabwe/grx/exec/directives.go:110.4,113.44 4 1
github.com/patrickkabwe/grx/exec/directives.go:114.29,115.84 1 1
github.com/patrickkabwe/grx/exec/directives.go:115.84,116.13 1 1
github.com/patrickkabwe/grx/exec/directives.go:118.4,118.21 1 1
github.com/patrickkabwe/grx/exec/directives.go:118.21,119.62 1 1
github.com/patrickkabwe/grx/exec/directives.go:119.62,121.14 2 0
github.com/patrickkabwe/grx/exec/directives.go:124.4,127.44 4 1
github.com/patrickkabwe/grx/exec/directives.go:128.20,129.39 1 1
github.com/patrickkabwe/grx/exec/directives.go:130.11,131.76 1 0
github.com/patrickkabwe/grx/exec/directives.go:134.2,134.26 1 1
github.com/patrickkabwe/grx/exec/directives.go:139.67,140.25 1 1
github.com/patrickkabwe/grx/exec/directives.go:140.25,141.24 1 1
github.com/patrickkabwe/grx/exec/directives.go:141.24,142.12 1 1
github.com/patrickkabwe/grx/exec/directives.go:144.3,145.34 2 1
github.com/patrickkabwe/grx/exec/directives.go:145.34,146.60 1 1
github.com/patrickkabwe/grx/exec/directives.go:146.60,148.5 1 0
github.com/patrickkabwe/grx/exec/directives.go:150.3,150.37 1 1
github.com/patrickkabwe/grx/exec/directives.go:150.37,151.56 1 1
github.com/patrickkabwe/grx/exec/directives.go:151.56,153.5 1 1
github.com/patrickkabwe/grx/exec/directives.go:156.2,156.22 1 1
github.com/patrickkabwe/grx/exec/directives.go:162.86,163.25 1 1
github.com/patrickkabwe/grx/exec/directives.go:163.25,164.25 1 1
github.com/patrickkabwe/grx/exec/directives.go:164.25,165.12 1 1
github.com/patrickkabwe/grx/exec/directives.go:167.3,168.34 2 1
github.com/patrickkabwe/grx/exec/directives.go:168.34,169.60 1 1
github.com/patrickkabwe/grx/exec/directives.go:169.60,171.5 1 0
github.com/patrickkabwe/grx/exec/directives.go:173.3,173.44 1 1
github.com/patrickkabwe/grx/exec/directives.go:173.44,174.50 1 1
github.com/patrickkabwe/grx/exec/directives.go:175.13,176.21 1 1
github.com/patrickkabwe/grx/exec/directives.go:177.15,178.26 1 1
github.com/patrickkabwe/grx/exec/directives.go:179.17,180.26 1 0
github.com/patrickkabwe/grx/exec/directives.go:183.3,183.37 1 1
github.com/patrickkabwe/grx/exec/directives.go:183.37,184.56 1 1
github.com/patrickkabwe/grx/exec/directives.go:184.56,186.5 1 1
github.com/patrickkabwe/grx/exec/directives.go:189.2,189.22 1 1
github.com/patrickkabwe/grx/exec/directives.go:189.22,191.3 1 0
github.com/patrickkabwe/grx/exec/directives.go:192.2,192.36 1 1
github.com/patrickkabwe/grx/exec/directives.go:195.39,196.36 1 1
github.com/patrickkabwe/grx/exec/directives.go:196.36,197.19 1 1
github.com/patrickkabwe/grx/exec/directives.go:197.19,199.4 1 0
github.com/patrickkabwe/grx/exec/directives.go:200.3,200.13 1 1
github.com/patrickkabwe/grx/exec/directives.go:202.2,202.10 1 1
github.com/patrickkabwe/grx/exec/directives.go:205.79,206.31 1 1
github.com/patrickkabwe/grx/exec/directives.go:206.31,208.3 1 1
github.com/patrickkabwe/grx/exec/directives.go:209.2,209.13 1 1
github.com/patrickkabwe/grx/exec/directives.go:212.76,214.28 2 1
github.com/patrickkabwe/grx/exec/directives.go:214.28,215.45 1 1
github.com/patrickkabwe/grx/exec/directives.go:215.45,216.12 1 1
github.com/patrickkabwe/grx/exec/directives.go:218.3,219.16 2 1
github.com/patrickkabwe/grx/exec/directives.go:221.2,221.29 1 1
github.com/patrickkabwe/grx/exec/document_bundle.go:17.104,19.2 1 1
github.com/patrickkabwe/grx/exec/document_bundle.go:21.126,26.14 4 1
github.com/patrickkabwe/grx/exec/document_bundle.go:26.14,28.3 1 1
github.com/patrickkabwe/grx/exec/document_bundle.go:28.8,30.3 1 1
github.com/patrickkabwe/grx/exec/document_bundle.go:31.2,31.16 1 1
github.com/patrickkabwe/grx/exec/document_bundle.go:31.16,33.3 1 1
github.com/patrickkabwe/grx/exec/document_bundle.go:35.2,40.32 4 1
github.com/patrickkabwe/grx/exec/document_bundle.go:40.32,41.65 1 1
github.com/patrickkabwe/grx/exec/document_bundle.go:41.65,43.18 2 1
github.com/patrickkabwe/grx/exec/document_bundle.go:43.18,45.5 1 1
github.com/patrickkabwe/grx/exec/document_bundle.go:46.4,46.41 1 1
github.com/patrickkabwe/grx/exec/document_bundle.go:46.41,49.5 1 1
github.com/patrickkabwe/grx/exec/document_bundle.go:50.4,51.12 2 1
github.com/patrickkabwe/grx/exec/document_bundle.go:54.3,55.17 2 1
github.com/patrickkabwe/grx/exec/document_bundle.go:55.17,57.4 1 1
github.com/patrickkabwe/grx/exec/document_bundle.go:58.3,59.17 2 1
github.com/patrickkabwe/grx/exec/document_bundle.go:59.17,61.4 1 1
github.com/patrickkabwe/grx/exec/document_bundle.go:62.3,69.5 1 1
github.com/patrickkabwe/grx/exec/document_bundle.go:72.2,72.26 1 1
github.com/patrickkabwe/grx/exec/document_bundle.go:72.26,74.3 1 1
github.com/patrickkabwe/grx/exec/document_bundle.go:76.2,76.120 1 1
github.com/patrickkabwe/grx/exec/document_bundle.go:79.85,80.25 1 1
github.com/patrickkabwe/grx/exec/document_bundle.go:80.25,81.40 1 1
github.com/patrickkabwe/grx/exec/document_bundle.go:81.40,82.32 1 1
github.com/patrickkabwe/grx/exec/document_bundle.go:82.32,86.5 3 1
github.com/patrickkabwe/grx/exec/document_bundle.go:88.3,89.51 1 1
github.com/patrickkabwe/grx/exec/document_bundle.go:92.2,92.32 1 1
github.com/patrickkabwe/grx/exec/document_bundle.go:92.32,95.3 1 1
github.com/patrickkabwe/grx/exec/document_bundle.go:97.2,99.17 3 1
github.com/patrickkabwe/grx/exec/document_bundle.go:102.57,105.2 2 1
github.com/patrickkabwe/grx/exec/document_bundle.go:107.71,109.42 2 1
github.com/patrickkabwe/grx/exec/document_bundle.go:109.42,112.35 3 1
github.com/patrickkabwe/grx/exec/document_bundle.go:112.35,114.51 2 1
github.com/patrickkabwe/grx/exec/document_bundle.go:114.51,117.5 2 1
github.com/patrickkabwe/grx/exec/document_bundle.go:119.3,119.76 1 1
github.com/patrickkabwe/grx/exec/document_bundle.go:121.2,121.12 1 1
github.com/patrickkabwe/grx/exec/document_bundle.go:124.72,125.19 1 1
github.com/patrickkabwe/grx/exec/document_bundle.go:125.19,127.3 1 1
github.com/patrickkabwe/grx/exec/document_bundle.go:128.2,129.34 2 1
github.com/patrickkabwe/grx/exec/document_bundle.go:129.34,131.3 1 1
github.com/patrickkabwe/grx/exec/document_bundle.go:132.2,132.12 1 1
github.com/patrickkabwe/grx/exec/document_bundle.go:135.45,136.31 1 1
github.com/patrickkabwe/grx/exec/document_bundle.go:137.19,138.21 1 1
github.com/patrickkabwe/grx/exec/document_bundle.go:138.21,140.4 1 1
github.com/patrickkabwe/grx/exec/document_bundle.go:141.3,141.13 1 1
github.com/patrickkabwe/grx/exec/document_bundle.go:142.22,143.44 1 1
github.com/patrickkabwe/grx/exec/document_bundle.go:144.13,146.34 2 1
github.com/patrickkabwe/grx/exec/document_bundle.go:146.34,148.4 1 1
github.com/patrickkabwe/grx/exec/document_bundle.go:149.3,149.13 1 1
github.com/patrickkabwe/grx/exec/document_bundle.go:150.10,151.15 1 1
github.com/patrickkabwe/grx/exec/executor.go:70.97,72.27 2 1
github.com/patrickkabwe/grx/exec/executor.go:72.27,74.3 1 1
github.com/patrickkabwe/grx/exec/executor.go:75.2,75.28 1 1
github.com/patrickkabwe/grx/exec/executor.go:75.28,76.52 1 1
github.com/patrickkabwe/grx/exec/executor.go:76.52,78.4 1 0
github.com/patrickkabwe/grx/exec/executor.go:80.2,80.10 1 1
github.com/patrickkabwe/grx/exec/executor.go:88.92,89.15 1 1
github.com/patrickkabwe/grx/exec/executor.go:89.15,90.35 1 1
github.com/patrickkabwe/grx/exec/executor.go:90.35,95.4 4 0
github.com/patrickkabwe/grx/exec/executor.go:98.2,100.18 3 1
github.com/patrickkabwe/grx/exec/executor.go:100.18,102.3 1 1
github.com/patrickkabwe/grx/exec/executor.go:104.2,108.37 5 1
github.com/patrickkabwe/grx/exec/executor.go:108.37,110.3 1 1
github.com/patrickkabwe/grx/exec/executor.go:112.2,114.41 3 1
github.com/patrickkabwe/grx/exec/executor.go:114.41,116.3 1 1
github.com/patrickkabwe/grx/exec/executor.go:116.8,118.3 1 1
github.com/patrickkabwe/grx/exec/executor.go:119.2,119.27 1 1
github.com/patrickkabwe/grx/exec/executor.go:119.27,121.3 1 1
github.com/patrickkabwe/grx/exec/executor.go:122.2,123.33 2 1
github.com/patrickkabwe/grx/exec/executor.go:129.81,130.55 1 1
github.com/patrickkabwe/grx/exec/executor.go:130.55,132.3 1 1
github.com/patrickkabwe/grx/exec/executor.go:133.2,133.49 1 1
github.com/patrickkabwe/grx/exec/executor.go:133.49,135.3 1 1
github.com/patrickkabwe/grx/exec/executor.go:144.136,146.16 2 1
github.com/patrickkabwe/grx/exec/executor.go:146.16,148.3 1 0
github.com/patrickkabwe/grx/exec/executor.go:149.2,149.50 1 1
github.com/patrickkabwe/grx/exec/executor.go:149.50,151.3 1 0
github.com/patrickkabwe/grx/exec/executor.go:153.2,153.37 1 1
github.com/patrickkabwe/grx/exec/executor.go:153.37,154.29 1 1
github.com/patrickkabwe/grx/exec/executor.go:154.29,158.4 3 1
github.com/patrickkabwe/grx/exec/executor.go:159.3,159.32 1 1
github.com/patrickkabwe/grx/exec/executor.go:159.32,162.36 3 1
github.com/patrickkabwe/grx/exec/executor.go:162.36,164.5 1 1
github.com/patrickkabwe/grx/exec/executor.go:164.10,166.5 1 1
github.com/patrickkabwe/grx/exec/executor.go:167.4,167.22 1 1
github.com/patrickkabwe/grx/exec/executor.go:167.22,169.5 1 1
github.com/patrickkabwe/grx/exec/executor.go:170.4,171.37 2 1
github.com/patrickkabwe/grx/exec/executor.go:173.3,174.36 2 1
github.com/patrickkabwe/grx/exec/executor.go:177.2,178.16 2 1
github.com/patrickkabwe/grx/exec/executor.go:178.16,181.3 2 1
github.com/patrickkabwe/grx/exec/executor.go:182.2,183.16 2 1
github.com/patrickkabwe/grx/exec/executor.go:183.16,186.3 2 0
github.com/patrickkabwe/grx/exec/executor.go:187.2,187.70 1 1
github.com/patrickkabwe/grx/exec/executor.go:187.70,190.3 2 1
github.com/patrickkabwe/grx/exec/executor.go:191.2,191.66 1 1
github.com/patrickkabwe/grx/exec/executor.go:191.66,194.3 2 1
github.com/patrickkabwe/grx/exec/executor.go:196.2,196.39 1 1
github.com/patrickkabwe/grx/exec/executor.go:196.39,199.3 2 1
github.com/patrickkabwe/grx/exec/executor.go:201.2,201.53 1 1
github.com/patrickkabwe/grx/exec/executor.go:201.53,203.3 1 0
github.com/patrickkabwe/grx/exec/executor.go:204.2,204.52 1 1
github.com/patrickkabwe/grx/exec/executor.go:204.52,206.3 1 0
github.com/patrickkabwe/grx/exec/executor.go:208.2,209.16 2 1
github.com/patrickkabwe/grx/exec/executor.go:209.16,212.3 2 0
github.com/patrickkabwe/grx/exec/executor.go:213.2,213.28 1 1
github.com/patrickkabwe/grx/exec/executor.go:216.126,219.2 2 1
github.com/patrickkabwe/grx/exec/executor.go:227.80,230.16 3 1
github.com/patrickkabwe/grx/exec/executor.go:230.16,232.3 1 0
github.com/patrickkabwe/grx/exec/executor.go:233.2,233.67 1 1
github.com/patrickkabwe/grx/exec/executor.go:239.113,240.15 1 1
github.com/patrickkabwe/grx/exec/executor.go:240.15,241.35 1 1
github.com/patrickkabwe/grx/exec/executor.go:241.35,246.4 4 1
github.com/patrickkabwe/grx/exec/executor.go:249.2,250.16 2 1
github.com/patrickkabwe/grx/exec/executor.go:250.16,252.3 1 0
github.com/patrickkabwe/grx/exec/executor.go:253.2,253.50 1 1
github.com/patrickkabwe/grx/exec/executor.go:253.50,255.3 1 1
github.com/patrickkabwe/grx/exec/executor.go:257.2,258.16 2 1
github.com/patrickkabwe/grx/exec/executor.go:258.16,261.3 2 0
github.com/patrickkabwe/grx/exec/executor.go:262.2,263.16 2 1
github.com/patrickkabwe/grx/exec/executor.go:263.16,266.3 2 0
github.com/patrickkabwe/grx/exec/executor.go:267.2,267.70 1 1
github.com/patrickkabwe/grx/exec/executor.go:267.70,269.3 1 1
github.com/patrickkabwe/grx/exec/executor.go:270.2,270.66 1 1
github.com/patrickkabwe/grx/exec/executor.go:270.66,273.3 2 0
github.com/patrickkabwe/grx/exec/executor.go:274.2,274.39 1 1
github.com/patrickkabwe/grx/exec/executor.go:274.39,278.3 3 1
github.com/patrickkabwe/grx/exec/executor.go:279.2,279.53 1 1
github.com/patrickkabwe/grx/exec/executor.go:279.53,281.3 1 1
github.com/patrickkabwe/grx/exec/executor.go:283.2,284.16 2 1
github.com/patrickkabwe/grx/exec/executor.go:284.16,286.3 1 0
github.com/patrickkabwe/grx/exec/executor.go:288.2,289.23 2 1
github.com/patrickkabwe/grx/exec/executor.go:289.23,291.3 1 0
github.com/patrickkabwe/grx/exec/executor.go:292.2,292.42 1 1
github.com/patrickkabwe/grx/exec/executor.go:292.42,296.3 3 0
github.com/patrickkabwe/grx/exec/executor.go:298.2,300.9 3 1
github.com/patrickkabwe/grx/exec/executor.go:300.9,304.3 3 0
github.com/patrickkabwe/grx/exec/executor.go:306.2,306.52 1 1
github.com/patrickkabwe/grx/exec/executor.go:306.52,308.3 1 1
github.com/patrickkabwe/grx/exec/executor.go:310.2,311.16 2 1
github.com/patrickkabwe/grx/exec/executor.go:311.16,314.3 2 1
github.com/patrickkabwe/grx/exec/executor.go:315.2,316.40 2 1
github.com/patrickkabwe/grx/exec/executor.go:316.40,320.3 3 0
github.com/patrickkabwe/grx/exec/executor.go:322.2,325.12 3 1
github.com/patrickkabwe/grx/exec/executor.go:325.12,332.7 4 1
github.com/patrickkabwe/grx/exec/executor.go:332.7,334.19 2 1
github.com/patrickkabwe/grx/exec/executor.go:334.19,336.5 1 1
github.com/patrickkabwe/grx/exec/executor.go:337.4,337.11 1 1
github.com/patrickkabwe/grx/exec/executor.go:337.11,339.5 1 1
github.com/patrickkabwe/grx/exec/executor.go:341.4,345.28 5 1
github.com/patrickkabwe/grx/exec/executor.go:345.28,347.5 1 0
github.com/patrickkabwe/grx/exec/executor.go:348.4,350.11 2 1
github.com/patrickkabwe/grx/exec/executor.go:351.22,352.11 1 0
github.com/patrickkabwe/grx/exec/executor.go:353.20,353.20 0 1
github.com/patrickkabwe/grx/exec/executor.go:358.2,358.17 1 1
github.com/patrickkabwe/grx/exec/executor.go:361.74,362.57 1 1
github.com/patrickkabwe/grx/exec/executor.go:362.57,364.3 1 1
github.com/patrickkabwe/grx/exec/executor.go:365.2,368.44 4 1
github.com/patrickkabwe/grx/exec/executor.go:368.44,371.3 2 1
github.com/patrickkabwe/grx/exec/executor.go:372.2,375.16 3 1
github.com/patrickkabwe/grx/exec/executor.go:375.16,377.3 1 0
github.com/patrickkabwe/grx/exec/executor.go:379.2,381.28 3 1
github.com/patrickkabwe/grx/exec/executor.go:381.28,383.3 1 1
github.com/patrickkabwe/grx/exec/executor.go:384.2,384.48 1 1
github.com/patrickkabwe/grx/exec/executor.go:384.48,385.56 1 1
github.com/patrickkabwe/grx/exec/executor.go:385.56,389.4 3 1
github.com/patrickkabwe/grx/exec/executor.go:390.3,391.59 2 1
github.com/patrickkabwe/grx/exec/executor.go:393.2,393.20 1 1
github.com/patrickkabwe/grx/exec/executor.go:396.72,397.26 1 1
github.com/patrickkabwe/grx/exec/executor.go:397.26,399.3 1 1
github.com/patrickkabwe/grx/exec/executor.go:401.2,402.47 2 1
github.com/patrickkabwe/grx/exec/executor.go:402.47,405.3 2 1
github.com/patrickkabwe/grx/exec/executor.go:406.2,409.16 3 1
github.com/patrickkabwe/grx/exec/executor.go:409.16,411.3 1 0
github.com/patrickkabwe/grx/exec/executor.go:413.2,416.49 3 1
github.com/patrickkabwe/grx/exec/executor.go:416.49,418.3 1 0
github.com/patrickkabwe/grx/exec/executor.go:419.2,419.28 1 1
github.com/patrickkabwe/grx/exec/executor.go:419.28,421.3 1 1
github.com/patrickkabwe/grx/exec/executor.go:422.2,422.45 1 1
github.com/patrickkabwe/grx/exec/executor.go:422.45,426.3 3 1
github.com/patrickkabwe/grx/exec/executor.go:427.2,429.20 3 1
github.com/patrickkabwe/grx/exec/executor.go:432.87,434.33 2 1
github.com/patrickkabwe/grx/exec/executor.go:434.33,435.53 1 1
github.com/patrickkabwe/grx/exec/executor.go:435.53,438.4 2 1
github.com/patrickkabwe/grx/exec/executor.go:440.2,440.12 1 1
github.com/patrickkabwe/grx/exec/executor.go:443.75,444.14 1 1
github.com/patrickkabwe/grx/exec/executor.go:445.22,446.28 1 1
github.com/patrickkabwe/grx/exec/executor.go:446.28,448.4 1 0
github.com/patrickkabwe/grx/exec/executor.go:449.3,449.29 1 1
github.com/patrickkabwe/grx/exec/executor.go:450.25,451.31 1 1
github.com/patrickkabwe/grx/exec/executor.go:451.31,453.4 1 0
github.com/patrickkabwe/grx/exec/executor.go:454.3,454.32 1 1
github.com/patrickkabwe/grx/exec/executor.go:455.29,456.35 1 1
github.com/patrickkabwe/grx/exec/executor.go:456.35,458.4 1 0
github.com/patrickkabwe/grx/exec/executor.go:459.3,459.36 1 1
github.com/patrickkabwe/grx/exec/executor.go:460.10,461.64 1 0
github.com/patrickkabwe/grx/exec/executor.go:465.113,466.48 1 1
github.com/patrickkabwe/grx/exec/executor.go:466.48,468.3 1 1
github.com/patrickkabwe/grx/exec/executor.go:469.2,469.21 1 1
github.com/patrickkabwe/grx/exec/executor.go:472.48,475.2 2 1
github.com/patrickkabwe/grx/exec/executor.go:477.203,480.18 3 1
github.com/patrickkabwe/grx/exec/executor.go:480.18,482.3 1 1
github.com/patrickkabwe/grx/exec/executor.go:484.2,486.23 3 1
github.com/patrickkabwe/grx/exec/executor.go:486.23,488.3 1 0
github.com/patrickkabwe/grx/exec/executor.go:490.2,490.22 1 1
github.com/patrickkabwe/grx/exec/executor.go:490.22,491.28 1 1
github.com/patrickkabwe/grx/exec/executor.go:491.28,493.4 1 0
github.com/patrickkabwe/grx/exec/executor.go:496.2,497.32 2 1
github.com/patrickkabwe/grx/exec/executor.go:497.32,499.27 2 1
github.com/patrickkabwe/grx/exec/executor.go:499.27,501.4 1 1
github.com/patrickkabwe/grx/exec/executor.go:502.3,502.12 1 1
github.com/patrickkabwe/grx/exec/executor.go:502.12,503.12 1 1
github.com/patrickkabwe/grx/exec/executor.go:505.3,505.23 1 1
github.com/patrickkabwe/grx/exec/executor.go:507.2,507.46 1 1
github.com/patrickkabwe/grx/exec/executor.go:510.216,511.34 1 1
github.com/patrickkabwe/grx/exec/executor.go:511.34,513.3 1 0
github.com/patrickkabwe/grx/exec/executor.go:515.2,516.35 2 1
github.com/patrickkabwe/grx/exec/executor.go:516.35,518.3 1 1
github.com/patrickkabwe/grx/exec/executor.go:520.2,521.9 2 1
github.com/patrickkabwe/grx/exec/executor.go:521.9,525.3 1 0
github.com/patrickkabwe/grx/exec/executor.go:527.2,533.21 6 1
github.com/patrickkabwe/grx/exec/executor.go:533.21,535.3 1 1
github.com/patrickkabwe/grx/exec/executor.go:537.2,537.30 1 1
github.com/patrickkabwe/grx/exec/executor.go:537.30,543.17 2 0
github.com/patrickkabwe/grx/exec/executor.go:543.17,546.4 2 0
github.com/patrickkabwe/grx/exec/executor.go:551.2,552.22 2 1
github.com/patrickkabwe/grx/exec/executor.go:552.22,559.3 1 1
github.com/patrickkabwe/grx/exec/executor.go:560.2,560.33 1 1
github.com/patrickkabwe/grx/exec/executor.go:560.33,561.63 1 1
github.com/patrickkabwe/grx/exec/executor.go:561.63,564.4 2 0
github.com/patrickkabwe/grx/exec/executor.go:567.2,568.17 2 1
github.com/patrickkabwe/grx/exec/executor.go:568.17,570.3 1 1
github.com/patrickkabwe/grx/exec/executor.go:572.2,573.16 2 1
github.com/patrickkabwe/grx/exec/executor.go:573.16,576.3 2 1
github.com/patrickkabwe/grx/exec/executor.go:578.2,580.24 3 1
github.com/patrickkabwe/grx/exec/executor.go:580.24,584.3 3 1
github.com/patrickkabwe/grx/exec/executor.go:586.2,589.96 4 1
github.com/patrickkabwe/grx/exec/executor.go:589.96,590.82 1 1
github.com/patrickkabwe/grx/exec/executor.go:590.82,591.52 1 1
github.com/patrickkabwe/grx/exec/executor.go:591.52,594.5 2 1
github.com/patrickkabwe/grx/exec/executor.go:597.2,597.15 1 1
github.com/patrickkabwe/grx/exec/executor.go:597.15,599.3 1 1
github.com/patrickkabwe/grx/exec/executor.go:600.2,602.17 2 1
github.com/patrickkabwe/grx/exec/executor.go:602.17,603.39 1 1
github.com/patrickkabwe/grx/exec/executor.go:603.39,605.4 1 0
github.com/patrickkabwe/grx/exec/executor.go:606.3,606.22 1 1
github.com/patrickkabwe/grx/exec/executor.go:606.22,608.4 1 1
github.com/patrickkabwe/grx/exec/executor.go:611.2,612.9 2 1
github.com/patrickkabwe/grx/exec/executor.go:613.26,614.15 1 1
github.com/patrickkabwe/grx/exec/executor.go:615.22,616.14 1 1
github.com/patrickkabwe/grx/exec/executor.go:617.61,618.15 1 1
github.com/patrickkabwe/grx/exec/executor.go:619.10,620.14 1 1
github.com/patrickkabwe/grx/exec/executor.go:622.2,622.34 1 1
github.com/patrickkabwe/grx/exec/executor.go:628.140,629.35 1 1
github.com/patrickkabwe/grx/exec/executor.go:629.35,631.17 2 1
github.com/patrickkabwe/grx/exec/executor.go:631.17,633.4 1 0
github.com/patrickkabwe/grx/exec/executor.go:634.3,634.17 1 1
github.com/patrickkabwe/grx/exec/executor.go:634.17,636.11 2 1
github.com/patrickkabwe/grx/exec/executor.go:636.11,638.5 1 0
github.com/patrickkabwe/grx/exec/executor.go:639.4,640.11 2 1
github.com/patrickkabwe/grx/exec/executor.go:640.11,642.5 1 1
github.com/patrickkabwe/grx/exec/executor.go:643.4,643.22 1 1
github.com/patrickkabwe/grx/exec/executor.go:646.2,646.24 1 1
github.com/patrickkabwe/grx/exec/executor.go:651.161,652.48 1 1
github.com/patrickkabwe/grx/exec/executor.go:652.48,653.73 1 1
github.com/patrickkabwe/grx/exec/executor.go:653.73,654.51 1 1
github.com/patrickkabwe/grx/exec/executor.go:654.51,656.5 1 1
github.com/patrickkabwe/grx/exec/executor.go:657.4,659.21 3 1
github.com/patrickkabwe/grx/exec/executor.go:662.2,662.49 1 1
github.com/patrickkabwe/grx/exec/executor.go:665.121,667.16 2 1
github.com/patrickkabwe/grx/exec/executor.go:667.16,669.3 1 1
github.com/patrickkabwe/grx/exec/executor.go:670.2,670.28 1 1
github.com/patrickkabwe/grx/exec/executor.go:675.43,676.31 1 1
github.com/patrickkabwe/grx/exec/executor.go:677.20,678.17 1 1
github.com/patrickkabwe/grx/exec/executor.go:679.27,680.17 1 1
github.com/patrickkabwe/grx/exec/executor.go:681.10,682.20 1 1
github.com/patrickkabwe/grx/exec/executor.go:689.92,691.9 2 1
github.com/patrickkabwe/grx/exec/executor.go:691.9,693.3 1 0
github.com/patrickkabwe/grx/exec/executor.go:694.2,694.74 1 1
github.com/patrickkabwe/grx/exec/executor.go:697.48,698.19 1 1
github.com/patrickkabwe/grx/exec/executor.go:698.19,700.3 1 1
github.com/patrickkabwe/grx/exec/executor.go:701.2,702.18 2 1
github.com/patrickkabwe/grx/exec/executor.go:703.87,704.16 1 1
github.com/patrickkabwe/grx/exec/executor.go:704.16,706.4 1 0
github.com/patrickkabwe/grx/exec/executor.go:707.3,707.59 1 1
github.com/patrickkabwe/grx/exec/executor.go:710.50,711.54 1 1
github.com/patrickkabwe/grx/exec/executor.go:712.10,715.19 1 1
github.com/patrickkabwe/grx/exec/executor.go:719.180,720.34 1 1
github.com/patrickkabwe/grx/exec/executor.go:720.34,722.3 1 1
github.com/patrickkabwe/grx/exec/executor.go:723.2,723.18 1 1
github.com/patrickkabwe/grx/exec/executor.go:723.18,724.45 1 1
github.com/patrickkabwe/grx/exec/executor.go:724.45,726.4 1 1
github.com/patrickkabwe/grx/exec/executor.go:727.3,727.18 1 0
github.com/patrickkabwe/grx/exec/executor.go:730.2,730.35 1 1
github.com/patrickkabwe/grx/exec/executor.go:731.23,733.36 2 1
github.com/patrickkabwe/grx/exec/executor.go:733.36,734.22 1 1
github.com/patrickkabwe/grx/exec/executor.go:734.22,736.5 1 0
github.com/patrickkabwe/grx/exec/executor.go:737.4,737.20 1 1
github.com/patrickkabwe/grx/exec/executor.go:739.3,739.20 1 1
github.com/patrickkabwe/grx/exec/executor.go:740.20,741.79 1 1
github.com/patrickkabwe/grx/exec/executor.go:742.22,743.79 1 1
github.com/patrickkabwe/grx/exec/executor.go:744.25,746.17 2 1
github.com/patrickkabwe/grx/exec/executor.go:746.17,749.4 2 0
github.com/patrickkabwe/grx/exec/executor.go:750.3,750.84 1 1
github.com/patrickkabwe/grx/exec/executor.go:751.21,753.17 2 1
github.com/patrickkabwe/grx/exec/executor.go:753.17,756.4 2 1
github.com/patrickkabwe/grx/exec/executor.go:757.3,757.84 1 1
github.com/patrickkabwe/grx/exec/executor.go:758.20,760.17 2 1
github.com/patrickkabwe/grx/exec/executor.go:760.17,763.4 2 0
github.com/patrickkabwe/grx/exec/executor.go:764.3,764.25 1 1
github.com/patrickkabwe/grx/exec/executor.go:765.22,767.17 2 1
github.com/patrickkabwe/grx/exec/executor.go:767.17,770.4 2 0
github.com/patrickkabwe/grx/exec/executor.go:771.3,772.17 2 1
github.com/patrickkabwe/grx/exec/executor.go:772.17,775.4 2 1
github.com/patrickkabwe/grx/exec/executor.go:776.3,776.22 1 1
github.com/patrickkabwe/grx/exec/executor.go:777.10,779.17 2 0
github.com/patrickkabwe/grx/exec/executor.go:779.17,782.4 2 0
github.com/patrickkabwe/grx/exec/executor.go:783.3,783.22 1 0
github.com/patrickkabwe/grx/exec/executor.go:787.178,791.35 3 1
github.com/patrickkabwe/grx/exec/executor.go:791.35,793.3 1 0
github.com/patrickkabwe/grx/exec/executor.go:794.2,794.64 1 1
github.com/patrickkabwe/grx/exec/executor.go:794.64,798.3 3 1
github.com/patrickkabwe/grx/exec/executor.go:800.2,802.50 2 1
github.com/patrickkabwe/grx/exec/executor.go:802.50,805.96 3 1
github.com/patrickkabwe/grx/exec/executor.go:805.96,808.39 3 1
github.com/patrickkabwe/grx/exec/executor.go:808.39,809.37 1 1
github.com/patrickkabwe/grx/exec/executor.go:809.37,811.6 1 0
github.com/patrickkabwe/grx/exec/executor.go:812.5,815.28 4 1
github.com/patrickkabwe/grx/exec/executor.go:815.28,817.6 1 0
github.com/patrickkabwe/grx/exec/executor.go:819.4,819.23 1 1
github.com/patrickkabwe/grx/exec/executor.go:823.2,825.37 3 1
github.com/patrickkabwe/grx/exec/executor.go:825.37,826.35 1 1
github.com/patrickkabwe/grx/exec/executor.go:826.35,828.4 1 0
github.com/patrickkabwe/grx/exec/executor.go:829.3,832.26 4 1
github.com/patrickkabwe/grx/exec/executor.go:832.26,834.4 1 0
github.com/patrickkabwe/grx/exec/executor.go:836.2,836.22 1 1
github.com/patrickkabwe/grx/exec/executor.go:839.97,841.33 2 1
github.com/patrickkabwe/grx/exec/executor.go:841.33,843.17 2 1
github.com/patrickkabwe/grx/exec/executor.go:843.17,846.4 2 1
github.com/patrickkabwe/grx/exec/executor.go:848.2,848.17 1 1
github.com/patrickkabwe/grx/exec/executor.go:851.79,852.33 1 1
github.com/patrickkabwe/grx/exec/executor.go:852.33,853.53 1 1
github.com/patrickkabwe/grx/exec/executor.go:853.53,856.4 2 1
github.com/patrickkabwe/grx/exec/executor.go:858.2,858.12 1 1
github.com/patrickkabwe/grx/exec/executor.go:861.82,862.33 1 1
github.com/patrickkabwe/grx/exec/executor.go:862.33,863.56 1 1
github.com/patrickkabwe/grx/exec/executor.go:863.56,866.4 2 1
github.com/patrickkabwe/grx/exec/executor.go:868.2,868.12 1 1
github.com/patrickkabwe/grx/exec/executor.go:871.81,872.33 1 1
github.com/patrickkabwe/grx/exec/executor.go:872.33,873.55 1 1
github.com/patrickkabwe/grx/exec/executor.go:873.55,876.4 2 1
github.com/patrickkabwe/grx/exec/executor.go:878.2,878.12 1 1
github.com/patrickkabwe/grx/exec/executor.go:881.64,882.33 1 1
github.com/patrickkabwe/grx/exec/executor.go:882.33,884.3 1 1
github.com/patrickkabwe/grx/exec/executor.go:887.104,888.54 1 1
github.com/patrickkabwe/grx/exec/executor.go:888.54,890.3 1 1
github.com/patrickkabwe/grx/exec/executor.go:891.2,891.25 1 1
github.com/patrickkabwe/grx/exec/executor.go:891.25,892.58 1 1
github.com/patrickkabwe/grx/exec/executor.go:892.58,894.4 1 1
github.com/patrickkabwe/grx/exec/executor.go:896.2,896.33 1 1
github.com/patrickkabwe/grx/exec/executor.go:896.33,897.62 1 1
github.com/patrickkabwe/grx/exec/executor.go:897.62,899.4 1 1
github.com/patrickkabwe/grx/exec/executor.go:902.2,907.26 2 1
github.com/patrickkabwe/grx/exec/executor.go:907.26,908.58 1 0
github.com/patrickkabwe/grx/exec/executor.go:908.58,910.4 1 0
github.com/patrickkabwe/grx/exec/executor.go:912.2,912.34 1 1
github.com/patrickkabwe/grx/exec/executor.go:912.34,913.66 1 0
github.com/patrickkabwe/grx/exec/executor.go:913.66,915.4 1 0
github.com/patrickkabwe/grx/exec/executor.go:917.2,917.12 1 1
github.com/patrickkabwe/grx/exec/executor.go:920.63,921.82 1 1
github.com/patrickkabwe/grx/exec/executor.go:921.82,923.3 1 1
github.com/patrickkabwe/grx/exec/executor.go:924.2,926.71 3 1
github.com/patrickkabwe/grx/exec/executor.go:926.71,928.3 1 1
github.com/patrickkabwe/grx/exec/executor.go:929.2,929.71 1 1
github.com/patrickkabwe/grx/exec/executor.go:929.71,931.3 1 1
github.com/patrickkabwe/grx/exec/executor.go:932.2,932.60 1 1
github.com/patrickkabwe/grx/exec/executor.go:932.60,934.3 1 1
github.com/patrickkabwe/grx/exec/executor.go:935.2,935.12 1 1
github.com/patrickkabwe/grx/exec/executor.go:944.75,945.38 1 1
github.com/patrickkabwe/grx/exec/executor.go:945.38,947.25 2 1
github.com/patrickkabwe/grx/exec/executor.go:947.25,949.28 2 1
github.com/patrickkabwe/grx/exec/executor.go:949.28,951.5 1 1
github.com/patrickkabwe/grx/exec/executor.go:953.3,953.54 1 1
github.com/patrickkabwe/grx/exec/executor.go:957.81,958.38 1 1
github.com/patrickkabwe/grx/exec/executor.go:958.38,960.49 2 1
github.com/patrickkabwe/grx/exec/executor.go:960.49,962.4 1 1
github.com/patrickkabwe/grx/exec/executor.go:963.3,963.54 1 1
github.com/patrickkabwe/grx/exec/executor.go:967.64,971.9 4 1
github.com/patrickkabwe/grx/exec/executor.go:971.9,973.3 1 1
github.com/patrickkabwe/grx/exec/executor.go:974.2,974.49 1 1
github.com/patrickkabwe/grx/exec/executor.go:974.49,976.3 1 0
github.com/patrickkabwe/grx/exec/executor.go:977.2,977.12 1 1
github.com/patrickkabwe/grx/exec/executor.go:980.67,981.29 1 1
github.com/patrickkabwe/grx/exec/executor.go:981.29,983.3 1 1
github.com/patrickkabwe/grx/exec/executor.go:984.2,985.41 2 1
github.com/patrickkabwe/grx/exec/executor.go:985.41,987.3 1 1
github.com/patrickkabwe/grx/exec/executor.go:988.2,988.38 1 1
github.com/patrickkabwe/grx/exec/executor.go:988.38,989.39 1 1
github.com/patrickkabwe/grx/exec/executor.go:989.39,991.4 1 1
github.com/patrickkabwe/grx/exec/executor.go:993.2,993.12 1 0
github.com/patrickkabwe/grx/exec/executor.go:996.65,997.14 1 1
github.com/patrickkabwe/grx/exec/executor.go:998.22,999.29 1 1
github.com/patrickkabwe/grx/exec/executor.go:1000.25,1001.32 1 1
github.com/patrickkabwe/grx/exec/executor.go:1002.29,1003.36 1 1
github.com/patrickkabwe/grx/exec/executor.go:1004.10,1005.34 1 0
github.com/patrickkabwe/grx/exec/executor.go:1009.62,1010.40 1 1
github.com/patrickkabwe/grx/exec/executor.go:1010.40,1012.3 1 1
github.com/patrickkabwe/grx/exec/executor.go:1013.2,1014.19 2 1
github.com/patrickkabwe/grx/exec/executor.go:1014.19,1016.3 1 1
github.com/patrickkabwe/grx/exec/executor.go:1017.2,1017.28 1 1
github.com/patrickkabwe/grx/exec/executor.go:1020.61,1021.6 1 1
github.com/patrickkabwe/grx/exec/executor.go:1021.6,1022.24 1 1
github.com/patrickkabwe/grx/exec/executor.go:1023.24,1024.16 1 1
github.com/patrickkabwe/grx/exec/executor.go:1025.23,1026.18 1 1
github.com/patrickkabwe/grx/exec/executor.go:1027.11,1028.21 1 1
github.com/patrickkabwe/grx/exec/executor.go:1033.45,1038.2 4 1
github.com/patrickkabwe/grx/exec/executor.go:1040.39,1041.20 1 1
github.com/patrickkabwe/grx/exec/executor.go:1041.20,1043.3 1 0
github.com/patrickkabwe/grx/exec/executor.go:1044.2,1045.32 2 1
github.com/patrickkabwe/grx/exec/executor.go:1045.32,1047.3 1 1
github.com/patrickkabwe/grx/exec/executor.go:1048.2,1048.15 1 1
github.com/patrickkabwe/grx/exec/executor.go:1051.44,1052.33 1 1
github.com/patrickkabwe/grx/exec/executor.go:1053.14,1054.15 1 1
github.com/patrickkabwe/grx/exec/executor.go:1055.11,1056.29 1 1
github.com/patrickkabwe/grx/exec/executor.go:1057.12,1058.34 1 1
github.com/patrickkabwe/grx/exec/executor.go:1059.13,1060.34 1 1
github.com/patrickkabwe/grx/exec/executor.go:1061.13,1062.45 1 1
github.com/patrickkabwe/grx/exec/executor.go:1063.13,1064.38 1 1
github.com/patrickkabwe/grx/exec/executor.go:1065.12,1066.47 1 1
github.com/patrickkabwe/grx/exec/executor.go:1067.13,1068.47 1 1
github.com/patrickkabwe/grx/exec/executor.go:1069.14,1070.47 1 1
github.com/patrickkabwe/grx/exec/executor.go:1071.14,1072.47 1 1
github.com/patrickkabwe/grx/exec/executor.go:1073.14,1074.39 1 1
github.com/patrickkabwe/grx/exec/executor.go:1075.10,1076.29 1 1
github.com/patrickkabwe/grx/exec/executor.go:1080.79,1085.2 1 1
github.com/patrickkabwe/grx/exec/executor.go:1087.102,1089.2 1 1
github.com/patrickkabwe/grx/exec/executor.go:1091.83,1093.2 1 1
github.com/patrickkabwe/grx/exec/incremental.go:15.68,17.16 2 1
github.com/patrickkabwe/grx/exec/incremental.go:17.16,19.3 1 1
github.com/patrickkabwe/grx/exec/incremental.go:20.2,21.16 2 1
github.com/patrickkabwe/grx/exec/incremental.go:21.16,23.3 1 1
github.com/patrickkabwe/grx/exec/incremental.go:24.2,24.86 1 1
github.com/patrickkabwe/grx/exec/incremental.go:27.117,28.31 1 1
github.com/patrickkabwe/grx/exec/incremental.go:28.31,29.56 1 1
github.com/patrickkabwe/grx/exec/incremental.go:29.56,31.4 1 1
github.com/patrickkabwe/grx/exec/incremental.go:32.3,32.60 1 1
github.com/patrickkabwe/grx/exec/incremental.go:32.60,34.4 1 1
github.com/patrickkabwe/grx/exec/incremental.go:35.3,35.27 1 1
github.com/patrickkabwe/grx/exec/incremental.go:35.27,36.30 1 1
github.com/patrickkabwe/grx/exec/incremental.go:36.30,37.13 1 1
github.com/patrickkabwe/grx/exec/incremental.go:39.4,40.52 2 1
github.com/patrickkabwe/grx/exec/incremental.go:40.52,41.65 1 1
github.com/patrickkabwe/grx/exec/incremental.go:41.65,43.6 1 1
github.com/patrickkabwe/grx/exec/incremental.go:45.4,45.12 1 1
github.com/patrickkabwe/grx/exec/incremental.go:47.3,47.62 1 1
github.com/patrickkabwe/grx/exec/incremental.go:47.62,49.4 1 1
github.com/patrickkabwe/grx/exec/incremental.go:51.2,51.14 1 1
github.com/patrickkabwe/grx/exec/incremental.go:75.161,84.2 1 1
github.com/patrickkabwe/grx/exec/incremental.go:86.163,96.2 1 1
github.com/patrickkabwe/grx/exec/incremental.go:98.57,99.14 1 1
github.com/patrickkabwe/grx/exec/incremental.go:99.14,101.3 1 1
github.com/patrickkabwe/grx/exec/incremental.go:102.2,102.20 1 1
github.com/patrickkabwe/grx/exec/incremental.go:105.34,106.20 1 1
github.com/patrickkabwe/grx/exec/incremental.go:106.20,108.3 1 1
github.com/patrickkabwe/grx/exec/incremental.go:109.2,111.12 3 1
github.com/patrickkabwe/grx/exec/incremental.go:116.54,117.39 1 1
github.com/patrickkabwe/grx/exec/incremental.go:117.39,119.3 1 1
github.com/patrickkabwe/grx/exec/incremental.go:120.2,120.38 1 1
github.com/patrickkabwe/grx/exec/incremental.go:120.38,122.3 1 1
github.com/patrickkabwe/grx/exec/incremental.go:123.2,123.19 1 1
github.com/patrickkabwe/grx/exec/incremental.go:129.251,132.35 3 1
github.com/patrickkabwe/grx/exec/incremental.go:132.35,134.3 1 0
github.com/patrickkabwe/grx/exec/incremental.go:135.2,135.64 1 1
github.com/patrickkabwe/grx/exec/incremental.go:135.64,138.3 1 1
github.com/patrickkabwe/grx/exec/incremental.go:140.2,141.22 2 1
github.com/patrickkabwe/grx/exec/incremental.go:141.22,143.3 1 0
github.com/patrickkabwe/grx/exec/incremental.go:145.2,147.48 3 1
github.com/patrickkabwe/grx/exec/incremental.go:147.48,151.26 4 1
github.com/patrickkabwe/grx/exec/incremental.go:151.26,153.4 1 0
github.com/patrickkabwe/grx/exec/incremental.go:156.2,156.48 1 1
github.com/patrickkabwe/grx/exec/incremental.go:156.48,158.3 1 1
github.com/patrickkabwe/grx/exec/incremental.go:159.2,159.20 1 1
github.com/patrickkabwe/grx/exec/incremental.go:166.121,169.18 3 1
github.com/patrickkabwe/grx/exec/incremental.go:169.18,171.3 1 0
github.com/patrickkabwe/grx/exec/incremental.go:173.2,176.49 4 1
github.com/patrickkabwe/grx/exec/incremental.go:176.49,178.3 1 1
github.com/patrickkabwe/grx/exec/incremental.go:179.2,183.41 4 1
github.com/patrickkabwe/grx/exec/incremental.go:183.41,185.3 1 0
github.com/patrickkabwe/grx/exec/incremental.go:185.8,187.3 1 1
github.com/patrickkabwe/grx/exec/incremental.go:188.2,188.27 1 1
github.com/patrickkabwe/grx/exec/incremental.go:188.27,190.3 1 1
github.com/patrickkabwe/grx/exec/incremental.go:192.2,193.30 2 1
github.com/patrickkabwe/grx/exec/incremental.go:193.30,197.3 3 1
github.com/patrickkabwe/grx/exec/incremental.go:199.2,202.26 4 1
github.com/patrickkabwe/grx/exec/incremental.go:205.106,207.17 2 1
github.com/patrickkabwe/grx/exec/incremental.go:207.17,210.20 3 1
github.com/patrickkabwe/grx/exec/incremental.go:210.20,212.4 1 0
github.com/patrickkabwe/grx/exec/incremental.go:213.3,213.17 1 1
github.com/patrickkabwe/grx/exec/incremental.go:215.2,217.19 3 1
github.com/patrickkabwe/grx/exec/incremental.go:217.19,219.3 1 0
github.com/patrickkabwe/grx/exec/incremental.go:220.2,220.16 1 1
github.com/patrickkabwe/grx/exec/input_coercion.go:11.95,12.20 1 1
github.com/patrickkabwe/grx/exec/input_coercion.go:12.20,14.3 1 1
github.com/patrickkabwe/grx/exec/input_coercion.go:15.2,16.27 2 1
github.com/patrickkabwe/grx/exec/input_coercion.go:16.27,18.14 2 1
github.com/patrickkabwe/grx/exec/input_coercion.go:18.14,19.31 1 1
github.com/patrickkabwe/grx/exec/input_coercion.go:19.31,21.5 1 1
github.com/patrickkabwe/grx/exec/input_coercion.go:21.10,22.60 1 1
github.com/patrickkabwe/grx/exec/input_coercion.go:22.60,24.6 1 0
github.com/patrickkabwe/grx/exec/input_coercion.go:25.5,25.13 1 1
github.com/patrickkabwe/grx/exec/input_coercion.go:28.3,29.17 2 1
github.com/patrickkabwe/grx/exec/input_coercion.go:29.17,31.4 1 1
github.com/patrickkabwe/grx/exec/input_coercion.go:32.3,32.26 1 1
github.com/patrickkabwe/grx/exec/input_coercion.go:34.2,34.17 1 1
github.com/patrickkabwe/grx/exec/input_coercion.go:37.68,38.38 1 1
github.com/patrickkabwe/grx/exec/input_coercion.go:38.38,39.20 1 1
github.com/patrickkabwe/grx/exec/input_coercion.go:39.20,41.4 1 1
github.com/patrickkabwe/grx/exec/input_coercion.go:42.3,42.48 1 1
github.com/patrickkabwe/grx/exec/input_coercion.go:44.2,44.35 1 1
github.com/patrickkabwe/grx/exec/input_coercion.go:45.23,46.17 1 1
github.com/patrickkabwe/grx/exec/input_coercion.go:46.17,48.4 1 1
github.com/patrickkabwe/grx/exec/input_coercion.go:49.3,49.45 1 1
github.com/patrickkabwe/grx/exec/input_coercion.go:50.20,51.17 1 1
github.com/patrickkabwe/grx/exec/input_coercion.go:51.17,53.4 1 0
github.com/patrickkabwe/grx/exec/input_coercion.go:54.3,55.136 2 1
github.com/patrickkabwe/grx/exec/input_coercion.go:55.136,57.52 2 1
github.com/patrickkabwe/grx/exec/input_coercion.go:57.52,59.19 2 1
github.com/patrickkabwe/grx/exec/input_coercion.go:59.19,61.6 1 1
github.com/patrickkabwe/grx/exec/input_coercion.go:62.5,62.22 1 1
github.com/patrickkabwe/grx/exec/input_coercion.go:64.4,64.19 1 1
github.com/patrickkabwe/grx/exec/input_coercion.go:66.3,67.17 2 1
github.com/patrickkabwe/grx/exec/input_coercion.go:67.17,69.4 1 1
github.com/patrickkabwe/grx/exec/input_coercion.go:70.3,70.26 1 1
github.com/patrickkabwe/grx/exec/input_coercion.go:71.27,72.39 1 1
github.com/patrickkabwe/grx/exec/input_coercion.go:73.20,75.17 2 1
github.com/patrickkabwe/grx/exec/input_coercion.go:75.17,77.4 1 1
github.com/patrickkabwe/grx/exec/input_coercion.go:78.3,78.67 1 0
github.com/patrickkabwe/grx/exec/input_coercion.go:78.67,80.4 1 0
github.com/patrickkabwe/grx/exec/input_coercion.go:81.3,81.18 1 0
github.com/patrickkabwe/grx/exec/input_coercion.go:82.22,83.48 1 1
github.com/patrickkabwe/grx/exec/input_coercion.go:84.10,85.18 1 1
github.com/patrickkabwe/grx/exec/input_coercion.go:89.77,90.16 1 1
github.com/patrickkabwe/grx/exec/input_coercion.go:90.16,92.3 1 0
github.com/patrickkabwe/grx/exec/input_coercion.go:93.2,94.9 2 1
github.com/patrickkabwe/grx/exec/input_coercion.go:94.9,96.3 1 0
github.com/patrickkabwe/grx/exec/input_coercion.go:97.2,98.27 2 1
github.com/patrickkabwe/grx/exec/input_coercion.go:98.27,99.51 1 1
github.com/patrickkabwe/grx/exec/input_coercion.go:99.51,101.4 1 1
github.com/patrickkabwe/grx/exec/input_coercion.go:103.2,103.44 1 1
github.com/patrickkabwe/grx/exec/input_coercion.go:103.44,105.14 2 1
github.com/patrickkabwe/grx/exec/input_coercion.go:105.14,106.33 1 1
github.com/patrickkabwe/grx/exec/input_coercion.go:106.33,108.5 1 1
github.com/patrickkabwe/grx/exec/input_coercion.go:108.10,109.62 1 1
github.com/patrickkabwe/grx/exec/input_coercion.go:109.62,111.6 1 1
github.com/patrickkabwe/grx/exec/input_coercion.go:112.5,112.13 1 1
github.com/patrickkabwe/grx/exec/input_coercion.go:115.3,116.17 2 1
github.com/patrickkabwe/grx/exec/input_coercion.go:116.17,118.4 1 0
github.com/patrickkabwe/grx/exec/input_coercion.go:119.3,119.22 1 1
github.com/patrickkabwe/grx/exec/input_coercion.go:121.2,121.23 1 1
github.com/patrickkabwe/grx/exec/input_coercion.go:121.23,122.20 1 1
github.com/patrickkabwe/grx/exec/input_coercion.go:122.20,124.4 1 1
github.com/patrickkabwe/grx/exec/input_coercion.go:125.3,125.37 1 1
github.com/patrickkabwe/grx/exec/input_coercion.go:125.37,126.20 1 1
github.com/patrickkabwe/grx/exec/input_coercion.go:126.20,128.5 1 1
github.com/patrickkabwe/grx/exec/input_coercion.go:131.2,131.17 1 1
github.com/patrickkabwe/grx/exec/input_coercion.go:134.63,135.16 1 1
github.com/patrickkabwe/grx/exec/input_coercion.go:135.16,137.3 1 1
github.com/patrickkabwe/grx/exec/input_coercion.go:138.2,138.18 1 1
github.com/patrickkabwe/grx/exec/input_coercion.go:139.13,140.29 1 1
github.com/patrickkabwe/grx/exec/input_coercion.go:141.15,142.31 1 0
github.com/patrickkabwe/grx/exec/input_coercion.go:143.17,144.34 1 1
github.com/patrickkabwe/grx/exec/input_coercion.go:144.34,146.4 1 1
github.com/patrickkabwe/grx/exec/input_coercion.go:147.3,147.58 1 0
github.com/patrickkabwe/grx/exec/input_coercion.go:148.16,149.36 1 1
github.com/patrickkabwe/grx/exec/input_coercion.go:149.36,151.4 1 1
github.com/patrickkabwe/grx/exec/input_coercion.go:152.3,152.57 1 1
github.com/patrickkabwe/grx/exec/input_coercion.go:153.12,154.28 1 0
github.com/patrickkabwe/grx/exec/input_coercion.go:155.10,156.18 1 1
github.com/patrickkabwe/grx/exec/input_coercion.go:160.43,162.9 2 1
github.com/patrickkabwe/grx/exec/input_coercion.go:162.9,164.3 1 1
github.com/patrickkabwe/grx/exec/input_coercion.go:165.2,165.52 1 1
github.com/patrickkabwe/grx/exec/input_coercion.go:165.52,167.3 1 0
github.com/patrickkabwe/grx/exec/input_coercion.go:168.2,168.24 1 1
github.com/patrickkabwe/grx/exec/input_coercion.go:171.45,172.29 1 1
github.com/patrickkabwe/grx/exec/input_coercion.go:173.15,174.29 1 0
github.com/patrickkabwe/grx/exec/input_coercion.go:175.15,176.48 1 1
github.com/patrickkabwe/grx/exec/input_coercion.go:176.48,178.4 1 1
github.com/patrickkabwe/grx/exec/input_coercion.go:179.3,179.20 1 0
github.com/patrickkabwe/grx/exec/input_coercion.go:180.38,181.50 1 1
github.com/patrickkabwe/grx/exec/input_coercion.go:182.35,183.51 1 1
github.com/patrickkabwe/grx/exec/input_coercion.go:184.10,185.56 1 1
github.com/patrickkabwe/grx/exec/input_coercion.go:189.42,190.29 1 1
github.com/patrickkabwe/grx/exec/input_coercion.go:191.14,192.20 1 1
github.com/patrickkabwe/grx/exec/input_coercion.go:193.38,194.53 1 1
github.com/patrickkabwe/grx/exec/input_coercion.go:195.35,196.54 1 1
github.com/patrickkabwe/grx/exec/input_coercion.go:197.10,198.53 1 1
github.com/patrickkabwe/grx/exec/input_coercion.go:202.43,203.29 1 1
github.com/patrickkabwe/grx/exec/input_coercion.go:204.11,205.28 1 1
github.com/patrickkabwe/grx/exec/input_coercion.go:206.12,207.28 1 1
github.com/patrickkabwe/grx/exec/input_coercion.go:208.13,209.28 1 1
github.com/patrickkabwe/grx/exec/input_coercion.go:210.13,211.28 1 1
github.com/patrickkabwe/grx/exec/input_coercion.go:212.13,213.21 1 1
github.com/patrickkabwe/grx/exec/input_coercion.go:214.15,215.78 1 1
github.com/patrickkabwe/grx/exec/input_coercion.go:215.78,217.4 1 1
github.com/patrickkabwe/grx/exec/input_coercion.go:218.3,218.28 1 1
github.com/patrickkabwe/grx/exec/input_coercion.go:219.10,220.18 1 1
github.com/patrickkabwe/grx/exec/introspection.go:14.46,16.2 1 1
github.com/patrickkabwe/grx/exec/introspection.go:18.56,20.2 1 1
github.com/patrickkabwe/grx/exec/introspection.go:22.90,25.45 3 1
github.com/patrickkabwe/grx/exec/introspection.go:25.45,27.3 1 1
github.com/patrickkabwe/grx/exec/introspection.go:29.2,29.44 1 1
github.com/patrickkabwe/grx/exec/introspection.go:29.44,31.3 1 1
github.com/patrickkabwe/grx/exec/introspection.go:33.2,33.13 1 1
github.com/patrickkabwe/grx/exec/introspection.go:36.98,44.2 7 1
github.com/patrickkabwe/grx/exec/introspection.go:46.45,74.2 4 1
github.com/patrickkabwe/grx/exec/introspection.go:76.135,81.17 5 1
github.com/patrickkabwe/grx/exec/introspection.go:81.17,83.3 1 1
github.com/patrickkabwe/grx/exec/introspection.go:84.2,86.14 3 1
github.com/patrickkabwe/grx/exec/introspection.go:89.34,91.2 1 1
github.com/patrickkabwe/grx/exec/introspection.go:93.108,101.2 7 1
github.com/patrickkabwe/grx/exec/introspection.go:103.55,104.19 1 1
github.com/patrickkabwe/grx/exec/introspection.go:104.19,106.3 1 1
github.com/patrickkabwe/grx/exec/introspection.go:108.2,110.15 3 1
github.com/patrickkabwe/grx/exec/introspection.go:113.83,115.38 2 1
github.com/patrickkabwe/grx/exec/introspection.go:115.38,117.3 1 1
github.com/patrickkabwe/grx/exec/introspection.go:118.2,121.29 3 1
github.com/patrickkabwe/grx/exec/introspection.go:121.29,123.3 1 1
github.com/patrickkabwe/grx/exec/introspection.go:124.2,124.14 1 1
github.com/patrickkabwe/grx/exec/introspection.go:127.103,129.9 2 1
github.com/patrickkabwe/grx/exec/introspection.go:129.9,131.3 1 0
github.com/patrickkabwe/grx/exec/introspection.go:133.2,134.9 2 1
github.com/patrickkabwe/grx/exec/introspection.go:134.9,136.3 1 0
github.com/patrickkabwe/grx/exec/introspection.go:137.2,137.56 1 1
github.com/patrickkabwe/grx/exec/introspection.go:140.61,141.42 1 1
github.com/patrickkabwe/grx/exec/introspection.go:141.42,144.3 2 1
github.com/patrickkabwe/grx/exec/introspection.go:146.2,148.17 3 1
github.com/patrickkabwe/grx/exec/introspection.go:148.17,150.3 1 0
github.com/patrickkabwe/grx/exec/introspection.go:152.2,153.36 2 1
github.com/patrickkabwe/grx/exec/introspection.go:153.36,155.3 1 1
github.com/patrickkabwe/grx/exec/introspection.go:157.2,159.15 3 1
github.com/patrickkabwe/grx/exec/introspection.go:159.15,161.3 1 0
github.com/patrickkabwe/grx/exec/introspection.go:163.2,163.26 1 1
github.com/patrickkabwe/grx/exec/introspection.go:166.91,178.35 11 1
github.com/patrickkabwe/grx/exec/introspection.go:179.22,181.33 2 1
github.com/patrickkabwe/grx/exec/introspection.go:181.33,183.4 1 1
github.com/patrickkabwe/grx/exec/introspection.go:184.22,187.70 3 1
github.com/patrickkabwe/grx/exec/introspection.go:188.25,191.79 3 1
github.com/patrickkabwe/grx/exec/introspection.go:192.27,194.20 2 1
github.com/patrickkabwe/grx/exec/introspection.go:194.20,196.4 1 0
github.com/patrickkabwe/grx/exec/introspection.go:197.3,197.68 1 1
github.com/patrickkabwe/grx/exec/introspection.go:198.21,200.71 2 1
github.com/patrickkabwe/grx/exec/introspection.go:201.20,203.85 2 1
github.com/patrickkabwe/grx/exec/introspection.go:206.2,206.15 1 1
github.com/patrickkabwe/grx/exec/introspection.go:209.89,212.29 3 1
github.com/patrickkabwe/grx/exec/introspection.go:212.29,214.47 2 1
github.com/patrickkabwe/grx/exec/introspection.go:214.47,215.12 1 1
github.com/patrickkabwe/grx/exec/introspection.go:217.3,224.33 8 1
github.com/patrickkabwe/grx/exec/introspection.go:226.2,226.15 1 1
github.com/patrickkabwe/grx/exec/introspection.go:229.70,231.41 2 1
github.com/patrickkabwe/grx/exec/introspection.go:231.41,238.3 6 1
github.com/patrickkabwe/grx/exec/introspection.go:239.2,239.15 1 1
github.com/patrickkabwe/grx/exec/introspection.go:242.70,245.29 3 1
github.com/patrickkabwe/grx/exec/introspection.go:245.29,253.3 7 1
github.com/patrickkabwe/grx/exec/introspection.go:254.2,254.15 1 1
github.com/patrickkabwe/grx/exec/introspection.go:257.70,258.18 1 1
github.com/patrickkabwe/grx/exec/introspection.go:258.18,260.3 1 1
github.com/patrickkabwe/grx/exec/introspection.go:261.2,262.9 2 1
github.com/patrickkabwe/grx/exec/introspection.go:262.9,264.3 1 1
github.com/patrickkabwe/grx/exec/introspection.go:265.2,265.18 1 1
github.com/patrickkabwe/grx/exec/introspection.go:268.81,269.18 1 1
github.com/patrickkabwe/grx/exec/introspection.go:269.18,271.3 1 0
github.com/patrickkabwe/grx/exec/introspection.go:272.2,272.35 1 1
github.com/patrickkabwe/grx/exec/introspection.go:273.23,274.56 1 1
github.com/patrickkabwe/grx/exec/introspection.go:275.20,276.55 1 1
github.com/patrickkabwe/grx/exec/introspection.go:277.27,278.55 1 1
github.com/patrickkabwe/grx/exec/introspection.go:279.20,281.17 2 1
github.com/patrickkabwe/grx/exec/introspection.go:281.17,282.37 1 1
github.com/patrickkabwe/grx/exec/introspection.go:282.37,284.5 1 1
github.com/patrickkabwe/grx/exec/introspection.go:285.4,285.20 1 0
github.com/patrickkabwe/grx/exec/introspection.go:287.3,288.22 2 1
github.com/patrickkabwe/grx/exec/introspection.go:289.22,290.59 1 1
github.com/patrickkabwe/grx/exec/introspection.go:291.10,292.19 1 1
github.com/patrickkabwe/grx/exec/introspection.go:296.76,297.18 1 1
github.com/patrickkabwe/grx/exec/introspection.go:298.16,300.10 2 1
github.com/patrickkabwe/grx/exec/introspection.go:300.10,302.4 1 1
github.com/patrickkabwe/grx/exec/introspection.go:303.3,303.34 1 1
github.com/patrickkabwe/grx/exec/introspection.go:304.17,306.10 2 1
github.com/patrickkabwe/grx/exec/introspection.go:306.10,308.4 1 0
github.com/patrickkabwe/grx/exec/introspection.go:309.3,309.10 1 1
github.com/patrickkabwe/grx/exec/introspection.go:309.10,311.4 1 1
github.com/patrickkabwe/grx/exec/introspection.go:312.3,312.23 1 0
github.com/patrickkabwe/grx/exec/introspection.go:313.13,315.10 2 1
github.com/patrickkabwe/grx/exec/introspection.go:315.10,317.4 1 0
github.com/patrickkabwe/grx/exec/introspection.go:318.3,318.42 1 1
github.com/patrickkabwe/grx/exec/introspection.go:319.15,320.30 1 1
github.com/patrickkabwe/grx/exec/introspection.go:321.16,322.63 1 1
github.com/patrickkabwe/grx/exec/introspection.go:323.16,324.54 1 0
github.com/patrickkabwe/grx/exec/introspection.go:325.39,326.68 1 1
github.com/patrickkabwe/grx/exec/introspection.go:327.11,328.20 1 1
github.com/patrickkabwe/grx/exec/introspection.go:330.12,331.30 1 1
github.com/patrickkabwe/grx/exec/introspection.go:332.15,333.35 1 1
github.com/patrickkabwe/grx/exec/introspection.go:334.39,335.68 1 0
github.com/patrickkabwe/grx/exec/introspection.go:336.36,337.70 1 1
github.com/patrickkabwe/grx/exec/introspection.go:338.11,339.20 1 1
github.com/patrickkabwe/grx/exec/introspection.go:341.10,342.36 1 1
github.com/patrickkabwe/grx/exec/introspection.go:342.36,344.4 1 0
github.com/patrickkabwe/grx/exec/introspection.go:345.3,345.19 1 1
github.com/patrickkabwe/grx/exec/introspection.go:349.79,351.84 2 1
github.com/patrickkabwe/grx/exec/introspection.go:351.84,353.3 1 1
github.com/patrickkabwe/grx/exec/introspection.go:354.2,355.45 2 1
github.com/patrickkabwe/grx/exec/introspection.go:355.45,357.10 2 1
github.com/patrickkabwe/grx/exec/introspection.go:357.10,359.4 1 0
github.com/patrickkabwe/grx/exec/introspection.go:360.3,360.35 1 1
github.com/patrickkabwe/grx/exec/introspection.go:362.2,362.52 1 1
github.com/patrickkabwe/grx/exec/introspection.go:365.95,367.9 2 1
github.com/patrickkabwe/grx/exec/introspection.go:367.9,369.3 1 1
github.com/patrickkabwe/grx/exec/introspection.go:370.2,372.29 3 1
github.com/patrickkabwe/grx/exec/introspection.go:372.29,374.14 2 1
github.com/patrickkabwe/grx/exec/introspection.go:374.14,375.12 1 1
github.com/patrickkabwe/grx/exec/introspection.go:377.3,379.10 3 1
github.com/patrickkabwe/grx/exec/introspection.go:379.10,381.4 1 1
github.com/patrickkabwe/grx/exec/introspection.go:382.3,382.64 1 1
github.com/patrickkabwe/grx/exec/introspection.go:384.2,384.52 1 1
github.com/patrickkabwe/grx/exec/introspection.go:387.68,389.43 2 1
github.com/patrickkabwe/grx/exec/introspection.go:389.43,391.3 1 1
github.com/patrickkabwe/grx/exec/introspection.go:392.2,392.15 1 1
github.com/patrickkabwe/grx/exec/introspection.go:395.63,397.31 2 1
github.com/patrickkabwe/grx/exec/introspection.go:397.31,399.3 1 1
github.com/patrickkabwe/grx/exec/introspection.go:400.2,400.15 1 1
github.com/patrickkabwe/grx/exec/introspection.go:403.87,405.31 2 1
github.com/patrickkabwe/grx/exec/introspection.go:405.31,406.47 1 1
github.com/patrickkabwe/grx/exec/introspection.go:406.47,407.12 1 0
github.com/patrickkabwe/grx/exec/introspection.go:409.3,414.41 6 1
github.com/patrickkabwe/grx/exec/introspection.go:416.2,416.19 1 1
github.com/patrickkabwe/grx/exec/introspection.go:419.36,420.45 1 1
github.com/patrickkabwe/grx/exec/introspection.go:420.45,422.3 1 1
github.com/patrickkabwe/grx/exec/introspection.go:423.2,423.12 1 1
github.com/patrickkabwe/grx/exec/introspection.go:426.39,427.17 1 1
github.com/patrickkabwe/grx/exec/introspection.go:427.17,429.3 1 1
github.com/patrickkabwe/grx/exec/introspection.go:430.2,430.14 1 1
github.com/patrickkabwe/grx/exec/introspection.go:433.65,435.27 2 1
github.com/patrickkabwe/grx/exec/introspection.go:435.27,437.3 1 1
github.com/patrickkabwe/grx/exec/introspection.go:438.2,439.14 2 1
github.com/patrickkabwe/grx/exec/introspection.go:442.70,443.35 1 1
github.com/patrickkabwe/grx/exec/introspection.go:444.23,449.16 5 1
github.com/patrickkabwe/grx/exec/introspection.go:450.20,455.16 5 1
github.com/patrickkabwe/grx/exec/introspection.go:456.10,461.16 5 1
github.com/patrickkabwe/grx/exec/introspection_exec.go:15.116,17.16 2 1
github.com/patrickkabwe/grx/exec/introspection_exec.go:17.16,20.3 2 1
github.com/patrickkabwe/grx/exec/introspection_exec.go:21.2,22.16 2 1
github.com/patrickkabwe/grx/exec/introspection_exec.go:22.16,25.3 2 1
github.com/patrickkabwe/grx/exec/introspection_exec.go:27.2,30.18 4 1
github.com/patrickkabwe/grx/exec/introspection_exec.go:36.181,37.30 1 1
github.com/patrickkabwe/grx/exec/introspection_exec.go:38.27,42.28 4 1
github.com/patrickkabwe/grx/exec/introspection_exec.go:42.28,46.96 3 1
github.com/patrickkabwe/grx/exec/introspection_exec.go:46.96,48.13 2 1
github.com/patrickkabwe/grx/exec/introspection_exec.go:51.4,51.32 1 1
github.com/patrickkabwe/grx/exec/introspection_exec.go:51.32,53.13 2 0
github.com/patrickkabwe/grx/exec/introspection_exec.go:55.4,56.11 2 1
github.com/patrickkabwe/grx/exec/introspection_exec.go:56.11,58.13 2 0
github.com/patrickkabwe/grx/exec/introspection_exec.go:60.4,62.27 3 1
github.com/patrickkabwe/grx/exec/introspection_exec.go:64.3,64.19 1 1
github.com/patrickkabwe/grx/exec/introspection_exec.go:65.13,68.29 3 1
github.com/patrickkabwe/grx/exec/introspection_exec.go:68.29,73.4 4 1
github.com/patrickkabwe/grx/exec/introspection_exec.go:74.3,74.19 1 1
github.com/patrickkabwe/grx/exec/introspection_exec.go:75.10,77.20 1 1
github.com/patrickkabwe/grx/exec/introspection_exec.go:84.119,85.53 1 1
github.com/patrickkabwe/grx/exec/introspection_exec.go:85.53,87.3 1 1
github.com/patrickkabwe/grx/exec/introspection_exec.go:88.2,89.30 2 1
github.com/patrickkabwe/grx/exec/introspection_exec.go:89.30,94.18 1 1
github.com/patrickkabwe/grx/exec/introspection_exec.go:94.18,98.4 3 1
github.com/patrickkabwe/grx/exec/introspection_exec.go:100.2,100.33 1 1
github.com/patrickkabwe/grx/exec/introspection_exec.go:100.33,101.113 1 1
github.com/patrickkabwe/grx/exec/introspection_exec.go:101.113,105.4 3 1
github.com/patrickkabwe/grx/exec/introspection_exec.go:107.2,107.12 1 1
github.com/patrickkabwe/grx/exec/introspection_exec.go:110.68,111.31 1 1
github.com/patrickkabwe/grx/exec/introspection_exec.go:111.31,112.21 1 1
github.com/patrickkabwe/grx/exec/introspection_exec.go:112.21,114.4 1 1
github.com/patrickkabwe/grx/exec/introspection_exec.go:116.2,116.19 1 0
github.com/patrickkabwe/grx/exec/introspection_exec.go:123.108,125.33 2 1
github.com/patrickkabwe/grx/exec/introspection_exec.go:125.33,126.94 1 1
github.com/patrickkabwe/grx/exec/introspection_exec.go:126.94,127.12 1 0
github.com/patrickkabwe/grx/exec/introspection_exec.go:129.3,129.10 1 1
github.com/patrickkabwe/grx/exec/introspection_exec.go:130.31,131.54 1 1
github.com/patrickkabwe/grx/exec/introspection_exec.go:131.54,133.5 1 1
github.com/patrickkabwe/grx/exec/introspection_exec.go:134.31,135.96 1 0
github.com/patrickkabwe/grx/exec/introspection_exec.go:136.22,137.41 1 1
github.com/patrickkabwe/grx/exec/introspection_exec.go:140.2,140.12 1 1
github.com/patrickkabwe/grx/exec/operation_kind.go:9.89,12.16 3 1
github.com/patrickkabwe/grx/exec/operation_kind.go:12.16,14.3 1 0
github.com/patrickkabwe/grx/exec/operation_kind.go:15.2,15.63 1 1
github.com/patrickkabwe/grx/exec/operation_kind.go:21.111,24.50 3 1
github.com/patrickkabwe/grx/exec/operation_kind.go:24.50,26.37 2 1
github.com/patrickkabwe/grx/exec/operation_kind.go:26.37,29.51 3 1
github.com/patrickkabwe/grx/exec/operation_kind.go:29.51,30.63 1 1
github.com/patrickkabwe/grx/exec/operation_kind.go:30.63,32.6 1 1
github.com/patrickkabwe/grx/exec/operation_kind.go:33.5,33.13 1 1
github.com/patrickkabwe/grx/exec/operation_kind.go:35.4,35.62 1 0
github.com/patrickkabwe/grx/exec/operation_kind.go:35.62,37.5 1 0
github.com/patrickkabwe/grx/exec/operation_kind.go:38.4,38.12 1 0
github.com/patrickkabwe/grx/exec/operation_kind.go:40.3,40.32 1 1
github.com/patrickkabwe/grx/exec/operation_kind.go:40.32,42.4 1 0
github.com/patrickkabwe/grx/exec/operation_kind.go:43.3,43.34 1 1
github.com/patrickkabwe/grx/exec/operation_kind.go:43.34,45.61 2 1
github.com/patrickkabwe/grx/exec/operation_kind.go:45.61,47.5 1 0
github.com/patrickkabwe/grx/exec/operation_kind.go:48.4,48.12 1 1
github.com/patrickkabwe/grx/exec/operation_kind.go:51.3,52.10 2 1
github.com/patrickkabwe/grx/exec/operation_kind.go:52.10,54.4 1 0
github.com/patrickkabwe/grx/exec/operation_kind.go:55.3,59.38 4 1
github.com/patrickkabwe/grx/exec/operation_kind.go:59.38,62.4 2 1
github.com/patrickkabwe/grx/exec/operation_kind.go:63.3,63.51 1 1
github.com/patrickkabwe/grx/exec/operation_kind.go:63.51,65.4 1 1
github.com/patrickkabwe/grx/exec/operation_kind.go:66.3,66.60 1 1
github.com/patrickkabwe/grx/exec/operation_kind.go:66.60,68.4 1 1
github.com/patrickkabwe/grx/exec/operation_kind.go:71.2,71.25 1 1
github.com/patrickkabwe/grx/exec/operation_kind.go:71.25,73.3 1 1
github.com/patrickkabwe/grx/exec/operation_kind.go:74.2,74.26 1 1
github.com/patrickkabwe/grx/exec/operation_kind.go:74.26,76.3 1 1
github.com/patrickkabwe/grx/exec/operation_kind.go:77.2,77.27 1 1
github.com/patrickkabwe/grx/exec/operation_kind.go:80.68,81.14 1 1
github.com/patrickkabwe/grx/exec/operation_kind.go:82.15,83.35 1 1
github.com/patrickkabwe/grx/exec/operation_kind.go:84.18,85.38 1 1
github.com/patrickkabwe/grx/exec/operation_kind.go:86.22,87.42 1 1
github.com/patrickkabwe/grx/exec/operation_kind.go:88.10,89.19 1 0
github.com/patrickkabwe/grx/exec/operation_kind.go:93.59,96.38 3 1
github.com/patrickkabwe/grx/exec/operation_kind.go:96.38,97.30 1 1
github.com/patrickkabwe/grx/exec/operation_kind.go:98.23,99.16 1 1
github.com/patrickkabwe/grx/exec/operation_kind.go:100.24,101.22 1 1
github.com/patrickkabwe/grx/exec/operation_kind.go:101.22,103.5 1 1
github.com/patrickkabwe/grx/exec/operation_kind.go:104.25,105.18 1 0
github.com/patrickkabwe/grx/exec/operation_kind.go:106.26,107.24 1 0
github.com/patrickkabwe/grx/exec/operation_kind.go:107.24,109.5 1 0
github.com/patrickkabwe/grx/exec/operation_kind.go:110.23,111.44 1 1
github.com/patrickkabwe/grx/exec/operation_kind.go:111.44,113.5 1 1
github.com/patrickkabwe/grx/exec/operation_kind.go:115.3,115.13 1 1
github.com/patrickkabwe/grx/exec/operation_kind.go:117.2,117.43 1 1
github.com/patrickkabwe/grx/exec/operation_kind.go:117.43,119.3 1 1
github.com/patrickkabwe/grx/exec/operation_kind.go:120.2,120.43 1 0
github.com/patrickkabwe/grx/exec/operation_kind.go:123.60,125.38 2 1
github.com/patrickkabwe/grx/exec/operation_kind.go:125.38,126.30 1 1
github.com/patrickkabwe/grx/exec/operation_kind.go:127.23,128.11 1 1
github.com/patrickkabwe/grx/exec/operation_kind.go:129.24,131.18 2 1
github.com/patrickkabwe/grx/exec/operation_kind.go:131.18,134.5 2 1
github.com/patrickkabwe/grx/exec/operation_kind.go:136.3,136.13 1 1
github.com/patrickkabwe/grx/exec/operation_kind.go:138.2,138.67 1 1
github.com/patrickkabwe/grx/exec/option.go:11.48,12.27 1 1
github.com/patrickkabwe/grx/exec/option.go:12.27,14.3 1 1
github.com/patrickkabwe/grx/exec/option.go:19.54,20.27 1 1
github.com/patrickkabwe/grx/exec/option.go:20.27,22.3 1 1
github.com/patrickkabwe/grx/exec/option.go:27.54,28.27 1 1
github.com/patrickkabwe/grx/exec/option.go:28.27,30.3 1 1
github.com/patrickkabwe/grx/exec/option.go:35.50,36.27 1 1
github.com/patrickkabwe/grx/exec/option.go:36.27,38.3 1 1
github.com/patrickkabwe/grx/exec/option.go:43.54,44.27 1 1
github.com/patrickkabwe/grx/exec/option.go:44.27,46.3 1 1
github.com/patrickkabwe/grx/exec/option.go:52.50,53.27 1 1
github.com/patrickkabwe/grx/exec/option.go:53.27,55.3 1 1
github.com/patrickkabwe/grx/exec/option.go:66.47,67.27 1 1
github.com/patrickkabwe/grx/exec/option.go:67.27,69.3 1 1
github.com/patrickkabwe/grx/exec/option.go:74.60,75.27 1 1
github.com/patrickkabwe/grx/exec/option.go:75.27,78.3 2 1
github.com/patrickkabwe/grx/exec/option.go:82.77,83.27 1 1
github.com/patrickkabwe/grx/exec/option.go:83.27,85.3 1 1
github.com/patrickkabwe/grx/exec/option.go:89.69,90.27 1 1
github.com/patrickkabwe/grx/exec/option.go:90.27,92.3 1 1
github.com/patrickkabwe/grx/exec/option.go:96.58,97.27 1 1
github.com/patrickkabwe/grx/exec/option.go:97.27,99.3 1 1
github.com/patrickkabwe/grx/exec/option.go:104.69,105.27 1 1
github.com/patrickkabwe/grx/exec/option.go:105.27,106.24 1 1
github.com/patrickkabwe/grx/exec/option.go:106.24,108.4 1 0
github.com/patrickkabwe/grx/exec/option.go:109.3,110.36 2 1
github.com/patrickkabwe/grx/exec/option.go:110.36,112.24 2 1
github.com/patrickkabwe/grx/exec/option.go:112.24,114.5 1 1
github.com/patrickkabwe/grx/exec/option.go:121.50,122.27 1 1
github.com/patrickkabwe/grx/exec/option.go:122.27,124.3 1 1
github.com/patrickkabwe/grx/exec/option.go:131.41,132.27 1 1
github.com/patrickkabwe/grx/exec/option.go:132.27,134.3 1 1
github.com/patrickkabwe/grx/exec/option.go:141.41,142.27 1 1
github.com/patrickkabwe/grx/exec/option.go:142.27,144.3 1 1
github.com/patrickkabwe/grx/exec/option.go:152.51,153.27 1 1
github.com/patrickkabwe/grx/exec/option.go:153.27,155.3 1 1
github.com/patrickkabwe/grx/exec/option.go:167.77,168.27 1 1
github.com/patrickkabwe/grx/exec/option.go:168.27,170.3 1 1
github.com/patrickkabwe/grx/exec/parser.go:40.36,41.11 1 1
github.com/patrickkabwe/grx/exec/parser.go:42.16,43.15 1 1
github.com/patrickkabwe/grx/exec/parser.go:44.17,45.16 1 1
github.com/patrickkabwe/grx/exec/parser.go:46.19,47.18 1 1
github.com/patrickkabwe/grx/exec/parser.go:48.19,49.18 1 1
github.com/patrickkabwe/grx/exec/parser.go:50.22,51.13 1 1
github.com/patrickkabwe/grx/exec/parser.go:52.23,53.13 1 1
github.com/patrickkabwe/grx/exec/parser.go:54.22,55.13 1 1
github.com/patrickkabwe/grx/exec/parser.go:56.23,57.13 1 1
github.com/patrickkabwe/grx/exec/parser.go:58.18,59.13 1 1
github.com/patrickkabwe/grx/exec/parser.go:60.19,61.13 1 1
github.com/patrickkabwe/grx/exec/parser.go:62.24,63.13 1 1
github.com/patrickkabwe/grx/exec/parser.go:64.25,65.13 1 1
github.com/patrickkabwe/grx/exec/parser.go:66.17,67.13 1 1
github.com/patrickkabwe/grx/exec/parser.go:68.19,69.15 1 1
github.com/patrickkabwe/grx/exec/parser.go:70.19,71.13 1 1
github.com/patrickkabwe/grx/exec/parser.go:72.15,73.13 1 1
github.com/patrickkabwe/grx/exec/parser.go:74.16,75.13 1 1
github.com/patrickkabwe/grx/exec/parser.go:76.17,77.13 1 1
github.com/patrickkabwe/grx/exec/parser.go:78.10,79.21 1 1
github.com/patrickkabwe/grx/exec/parser.go:101.78,103.2 1 1
github.com/patrickkabwe/grx/exec/parser.go:109.119,111.16 2 1
github.com/patrickkabwe/grx/exec/parser.go:111.16,113.3 1 1
github.com/patrickkabwe/grx/exec/parser.go:114.2,115.16 2 1
github.com/patrickkabwe/grx/exec/parser.go:115.16,117.3 1 1
github.com/patrickkabwe/grx/exec/parser.go:118.2,118.46 1 1
github.com/patrickkabwe/grx/exec/parser.go:125.101,127.32 2 1
github.com/patrickkabwe/grx/exec/parser.go:127.32,129.3 1 1
github.com/patrickkabwe/grx/exec/parser.go:131.2,131.24 1 1
github.com/patrickkabwe/grx/exec/parser.go:132.15,133.11 1 1
github.com/patrickkabwe/grx/exec/parser.go:134.18,136.27 2 1
github.com/patrickkabwe/grx/exec/parser.go:137.22,139.31 2 1
github.com/patrickkabwe/grx/exec/parser.go:140.10,141.129 1 1
github.com/patrickkabwe/grx/exec/parser.go:144.2,145.32 2 1
github.com/patrickkabwe/grx/exec/parser.go:145.32,147.3 1 1
github.com/patrickkabwe/grx/exec/parser.go:148.2,150.37 3 1
github.com/patrickkabwe/grx/exec/parser.go:150.37,152.17 2 1
github.com/patrickkabwe/grx/exec/parser.go:152.17,154.4 1 1
github.com/patrickkabwe/grx/exec/parser.go:155.3,156.30 2 1
github.com/patrickkabwe/grx/exec/parser.go:158.2,158.47 1 1
github.com/patrickkabwe/grx/exec/parser.go:158.47,160.3 1 0
github.com/patrickkabwe/grx/exec/parser.go:161.2,161.50 1 1
github.com/patrickkabwe/grx/exec/parser.go:164.68,165.42 1 1
github.com/patrickkabwe/grx/exec/parser.go:165.42,167.3 1 1
github.com/patrickkabwe/grx/exec/parser.go:168.2,168.49 1 1
github.com/patrickkabwe/grx/exec/parser.go:168.49,170.3 1 1
github.com/patrickkabwe/grx/exec/parser.go:172.2,173.39 2 1
github.com/patrickkabwe/grx/exec/parser.go:173.39,174.32 1 1
github.com/patrickkabwe/grx/exec/parser.go:174.32,176.4 1 1
github.com/patrickkabwe/grx/exec/parser.go:177.3,178.17 2 1
github.com/patrickkabwe/grx/exec/parser.go:178.17,180.4 1 1
github.com/patrickkabwe/grx/exec/parser.go:181.3,181.39 1 1
github.com/patrickkabwe/grx/exec/parser.go:183.2,184.24 2 1
github.com/patrickkabwe/grx/exec/parser.go:187.63,188.34 1 1
github.com/patrickkabwe/grx/exec/parser.go:188.34,190.38 2 1
github.com/patrickkabwe/grx/exec/parser.go:190.38,192.18 2 1
github.com/patrickkabwe/grx/exec/parser.go:192.18,194.5 1 0
github.com/patrickkabwe/grx/exec/parser.go:195.4,198.10 1 1
github.com/patrickkabwe/grx/exec/parser.go:200.3,200.59 1 1
github.com/patrickkabwe/grx/exec/parser.go:200.59,203.34 3 1
github.com/patrickkabwe/grx/exec/parser.go:203.34,205.5 1 1
github.com/patrickkabwe/grx/exec/parser.go:206.4,207.18 2 1
github.com/patrickkabwe/grx/exec/parser.go:207.18,209.5 1 0
github.com/patrickkabwe/grx/exec/parser.go:210.4,211.18 2 1
github.com/patrickkabwe/grx/exec/parser.go:211.18,213.5 1 0
github.com/patrickkabwe/grx/exec/parser.go:214.4,219.10 1 1
github.com/patrickkabwe/grx/exec/parser.go:221.3,222.33 2 1
github.com/patrickkabwe/grx/exec/parser.go:222.33,224.4 1 1
github.com/patrickkabwe/grx/exec/parser.go:225.3,226.17 2 1
github.com/patrickkabwe/grx/exec/parser.go:226.17,228.4 1 0
github.com/patrickkabwe/grx/exec/parser.go:229.3,233.9 1 1
github.com/patrickkabwe/grx/exec/parser.go:236.2,237.29 2 1
github.com/patrickkabwe/grx/exec/parser.go:237.29,239.3 1 1
github.com/patrickkabwe/grx/exec/parser.go:241.2,243.33 3 1
github.com/patrickkabwe/grx/exec/parser.go:243.33,246.29 3 1
github.com/patrickkabwe/grx/exec/parser.go:246.29,248.4 1 0
github.com/patrickkabwe/grx/exec/parser.go:249.3,249.25 1 1
github.com/patrickkabwe/grx/exec/parser.go:252.2,253.37 2 1
github.com/patrickkabwe/grx/exec/parser.go:253.37,255.17 2 1
github.com/patrickkabwe/grx/exec/parser.go:255.17,257.4 1 1
github.com/patrickkabwe/grx/exec/parser.go:258.3,258.16 1 1
github.com/patrickkabwe/grx/exec/parser.go:261.2,262.16 2 1
github.com/patrickkabwe/grx/exec/parser.go:262.16,264.3 1 0
github.com/patrickkabwe/grx/exec/parser.go:266.2,267.37 2 1
github.com/patrickkabwe/grx/exec/parser.go:267.37,269.17 2 1
github.com/patrickkabwe/grx/exec/parser.go:269.17,271.4 1 1
github.com/patrickkabwe/grx/exec/parser.go:272.3,272.18 1 1
github.com/patrickkabwe/grx/exec/parser.go:275.2,277.30 3 1
github.com/patrickkabwe/grx/exec/parser.go:277.30,279.3 1 1
github.com/patrickkabwe/grx/exec/parser.go:281.2,288.8 1 1
github.com/patrickkabwe/grx/exec/parser.go:291.66,292.64 1 1
github.com/patrickkabwe/grx/exec/parser.go:292.64,294.3 1 0
github.com/patrickkabwe/grx/exec/parser.go:295.2,297.31 3 1
github.com/patrickkabwe/grx/exec/parser.go:297.31,299.3 1 0
github.com/patrickkabwe/grx/exec/parser.go:300.2,300.58 1 1
github.com/patrickkabwe/grx/exec/parser.go:300.58,302.3 1 1
github.com/patrickkabwe/grx/exec/parser.go:303.2,305.31 3 1
github.com/patrickkabwe/grx/exec/parser.go:305.31,307.3 1 0
github.com/patrickkabwe/grx/exec/parser.go:309.2,309.47 1 1
github.com/patrickkabwe/grx/exec/parser.go:309.47,311.3 1 0
github.com/patrickkabwe/grx/exec/parser.go:312.2,313.16 2 1
github.com/patrickkabwe/grx/exec/parser.go:313.16,315.3 1 0
github.com/patrickkabwe/grx/exec/parser.go:316.2,321.8 1 1
github.com/patrickkabwe/grx/exec/parser.go:324.57,326.31 2 1
github.com/patrickkabwe/grx/exec/parser.go:326.31,329.29 3 1
github.com/patrickkabwe/grx/exec/parser.go:329.29,331.4 1 0
github.com/patrickkabwe/grx/exec/parser.go:332.3,333.38 2 1
github.com/patrickkabwe/grx/exec/parser.go:333.38,335.18 2 1
github.com/patrickkabwe/grx/exec/parser.go:335.18,337.5 1 0
github.com/patrickkabwe/grx/exec/parser.go:338.4,338.17 1 1
github.com/patrickkabwe/grx/exec/parser.go:340.3,340.23 1 1
github.com/patrickkabwe/grx/exec/parser.go:342.2,342.17 1 1
github.com/patrickkabwe/grx/exec/parser.go:345.59,348.39 3 1
github.com/patrickkabwe/grx/exec/parser.go:348.39,349.32 1 1
github.com/patrickkabwe/grx/exec/parser.go:349.32,351.4 1 0
github.com/patrickkabwe/grx/exec/parser.go:352.3,353.29 2 1
github.com/patrickkabwe/grx/exec/parser.go:353.29,355.4 1 1
github.com/patrickkabwe/grx/exec/parser.go:356.3,356.46 1 1
github.com/patrickkabwe/grx/exec/parser.go:356.46,358.4 1 1
github.com/patrickkabwe/grx/exec/parser.go:359.3,359.44 1 1
github.com/patrickkabwe/grx/exec/parser.go:359.44,361.4 1 1
github.com/patrickkabwe/grx/exec/parser.go:362.3,363.17 2 1
github.com/patrickkabwe/grx/exec/parser.go:363.17,365.4 1 1
github.com/patrickkabwe/grx/exec/parser.go:366.3,366.27 1 1
github.com/patrickkabwe/grx/exec/parser.go:368.2,369.18 2 1
github.com/patrickkabwe/grx/exec/parser.go:372.44,374.22 2 1
github.com/patrickkabwe/grx/exec/parser.go:375.19,376.28 1 1
github.com/patrickkabwe/grx/exec/parser.go:377.19,379.48 1 1
github.com/patrickkabwe/grx/exec/parser.go:379.48,381.18 2 1
github.com/patrickkabwe/grx/exec/parser.go:381.18,383.5 1 0
github.com/patrickkabwe/grx/exec/parser.go:384.4,384.17 1 1
github.com/patrickkabwe/grx/exec/parser.go:386.3,387.17 2 1
github.com/patrickkabwe/grx/exec/parser.go:387.17,389.4 1 1
github.com/patrickkabwe/grx/exec/parser.go:391.3,392.19 2 0
github.com/patrickkabwe/grx/exec/parser.go:392.19,394.4 1 0
github.com/patrickkabwe/grx/exec/parser.go:395.3,395.18 1 0
github.com/patrickkabwe/grx/exec/parser.go:396.17,397.24 1 1
github.com/patrickkabwe/grx/exec/parser.go:398.15,399.20 1 1
github.com/patrickkabwe/grx/exec/parser.go:400.16,401.21 1 1
github.com/patrickkabwe/grx/exec/parser.go:402.15,403.19 1 1
github.com/patrickkabwe/grx/exec/parser.go:404.11,406.29 1 1
github.com/patrickkabwe/grx/exec/parser.go:408.19,410.29 2 1
github.com/patrickkabwe/grx/exec/parser.go:410.29,412.4 1 1
github.com/patrickkabwe/grx/exec/parser.go:413.3,418.72 3 1
github.com/patrickkabwe/grx/exec/parser.go:419.22,420.32 1 1
github.com/patrickkabwe/grx/exec/parser.go:421.24,422.30 1 1
github.com/patrickkabwe/grx/exec/parser.go:423.10,424.98 1 1
github.com/patrickkabwe/grx/exec/parser.go:428.63,430.39 2 1
github.com/patrickkabwe/grx/exec/parser.go:430.39,431.32 1 1
github.com/patrickkabwe/grx/exec/parser.go:431.32,433.4 1 0
github.com/patrickkabwe/grx/exec/parser.go:434.3,435.29 2 1
github.com/patrickkabwe/grx/exec/parser.go:435.29,437.4 1 0
github.com/patrickkabwe/grx/exec/parser.go:438.3,438.46 1 1
github.com/patrickkabwe/grx/exec/parser.go:438.46,440.4 1 0
github.com/patrickkabwe/grx/exec/parser.go:441.3,441.46 1 1
github.com/patrickkabwe/grx/exec/parser.go:441.46,443.4 1 1
github.com/patrickkabwe/grx/exec/parser.go:444.3,445.17 2 1
github.com/patrickkabwe/grx/exec/parser.go:445.17,447.4 1 1
github.com/patrickkabwe/grx/exec/parser.go:448.3,448.29 1 1
github.com/patrickkabwe/grx/exec/parser.go:450.2,451.20 2 1
github.com/patrickkabwe/grx/exec/parser.go:454.52,456.41 2 1
github.com/patrickkabwe/grx/exec/parser.go:456.41,457.32 1 1
github.com/patrickkabwe/grx/exec/parser.go:457.32,459.4 1 0
github.com/patrickkabwe/grx/exec/parser.go:460.3,461.17 2 1
github.com/patrickkabwe/grx/exec/parser.go:461.17,463.4 1 1
github.com/patrickkabwe/grx/exec/parser.go:464.3,464.29 1 1
github.com/patrickkabwe/grx/exec/parser.go:466.2,467.18 2 1
github.com/patrickkabwe/grx/exec/parser.go:473.82,474.49 1 1
github.com/patrickkabwe/grx/exec/parser.go:474.49,476.3 1 0
github.com/patrickkabwe/grx/exec/parser.go:477.2,479.39 3 1
github.com/patrickkabwe/grx/exec/parser.go:479.39,480.32 1 1
github.com/patrickkabwe/grx/exec/parser.go:480.32,482.4 1 1
github.com/patrickkabwe/grx/exec/parser.go:484.3,484.35 1 1
github.com/patrickkabwe/grx/exec/parser.go:484.35,486.4 1 0
github.com/patrickkabwe/grx/exec/parser.go:487.3,489.29 3 1
github.com/patrickkabwe/grx/exec/parser.go:489.29,491.4 1 0
github.com/patrickkabwe/grx/exec/parser.go:493.3,493.46 1 1
github.com/patrickkabwe/grx/exec/parser.go:493.46,495.4 1 0
github.com/patrickkabwe/grx/exec/parser.go:496.3,497.17 2 1
github.com/patrickkabwe/grx/exec/parser.go:497.17,499.4 1 1
github.com/patrickkabwe/grx/exec/parser.go:501.3,501.35 1 1
github.com/patrickkabwe/grx/exec/parser.go:501.35,504.18 3 1
github.com/patrickkabwe/grx/exec/parser.go:504.18,506.5 1 1
github.com/patrickkabwe/grx/exec/parser.go:508.4,508.48 1 1
github.com/patrickkabwe/grx/exec/parser.go:508.48,509.22 1 1
github.com/patrickkabwe/grx/exec/parser.go:509.22,511.6 1 1
github.com/patrickkabwe/grx/exec/parser.go:512.5,512.36 1 1
github.com/patrickkabwe/grx/exec/parser.go:516.3,516.48 1 1
github.com/patrickkabwe/grx/exec/parser.go:516.48,518.4 1 0
github.com/patrickkabwe/grx/exec/parser.go:519.3,520.38 2 1
github.com/patrickkabwe/grx/exec/parser.go:522.2,523.38 2 1
github.com/patrickkabwe/grx/exec/parser.go:527.49,529.23 2 1
github.com/patrickkabwe/grx/exec/parser.go:530.24,533.17 3 1
github.com/patrickkabwe/grx/exec/parser.go:533.17,535.4 1 1
github.com/patrickkabwe/grx/exec/parser.go:536.3,536.53 1 1
github.com/patrickkabwe/grx/exec/parser.go:536.53,538.4 1 0
github.com/patrickkabwe/grx/exec/parser.go:539.3,539.26 1 1
github.com/patrickkabwe/grx/exec/parser.go:540.17,541.23 1 1
github.com/patrickkabwe/grx/exec/parser.go:542.10,543.105 1 1
github.com/patrickkabwe/grx/exec/parser.go:545.2,545.32 1 1
github.com/patrickkabwe/grx/exec/parser.go:545.32,548.3 2 1
github.com/patrickkabwe/grx/exec/parser.go:549.2,549.17 1 1
github.com/patrickkabwe/grx/exec/parser.go:554.49,556.22 2 1
github.com/patrickkabwe/grx/exec/parser.go:557.19,558.28 1 1
github.com/patrickkabwe/grx/exec/parser.go:559.19,560.48 1 1
github.com/patrickkabwe/grx/exec/parser.go:560.48,562.18 2 1
github.com/patrickkabwe/grx/exec/parser.go:562.18,564.5 1 0
github.com/patrickkabwe/grx/exec/parser.go:565.4,565.17 1 1
github.com/patrickkabwe/grx/exec/parser.go:567.3,568.17 2 1
github.com/patrickkabwe/grx/exec/parser.go:568.17,570.4 1 1
github.com/patrickkabwe/grx/exec/parser.go:571.3,572.19 2 0
[...]
github.com/patrickkabwe/grx/exec/validate.go:39.33,40.27 1 1
github.com/patrickkabwe/grx/exec/validate.go:40.27,46.4 2 1
github.com/patrickkabwe/grx/exec/validate.go:49.2,49.13 1 1
github.com/patrickkabwe/grx/exec/validate.go:52.76,55.39 3 1
github.com/patrickkabwe/grx/exec/validate.go:55.39,56.20 1 1
github.com/patrickkabwe/grx/exec/validate.go:56.20,57.12 1 1
github.com/patrickkabwe/grx/exec/validate.go:59.3,59.38 1 1
github.com/patrickkabwe/grx/exec/validate.go:59.38,64.4 1 1
github.com/patrickkabwe/grx/exec/validate.go:64.9,66.4 1 1
github.com/patrickkabwe/grx/exec/validate.go:68.2,68.13 1 1
github.com/patrickkabwe/grx/exec/validate.go:71.78,72.33 1 1
github.com/patrickkabwe/grx/exec/validate.go:72.33,74.3 1 1
github.com/patrickkabwe/grx/exec/validate.go:75.2,75.39 1 1
github.com/patrickkabwe/grx/exec/validate.go:75.39,76.20 1 1
github.com/patrickkabwe/grx/exec/validate.go:76.20,81.4 1 0
github.com/patrickkabwe/grx/exec/validate.go:83.2,83.12 1 1
github.com/patrickkabwe/grx/exec/validate.go:86.105,88.31 2 1
github.com/patrickkabwe/grx/exec/validate.go:88.31,91.10 3 1
github.com/patrickkabwe/grx/exec/validate.go:91.10,94.12 2 1
github.com/patrickkabwe/grx/exec/validate.go:96.3,96.34 1 1
github.com/patrickkabwe/grx/exec/validate.go:96.34,99.4 1 0
github.com/patrickkabwe/grx/exec/validate.go:101.2,101.13 1 1
github.com/patrickkabwe/grx/exec/validate.go:104.62,106.36 2 1
github.com/patrickkabwe/grx/exec/validate.go:106.36,107.20 1 1
github.com/patrickkabwe/grx/exec/validate.go:107.20,109.4 1 1
github.com/patrickkabwe/grx/exec/validate.go:111.2,111.16 1 1
github.com/patrickkabwe/grx/exec/validate.go:111.16,113.17 2 1
github.com/patrickkabwe/grx/exec/validate.go:113.17,115.4 1 1
github.com/patrickkabwe/grx/exec/validate.go:116.3,119.4 1 1
github.com/patrickkabwe/grx/exec/validate.go:121.2,121.12 1 1
github.com/patrickkabwe/grx/exec/validate.go:133.21,137.33 3 1
github.com/patrickkabwe/grx/exec/validate.go:137.33,138.10 1 1
github.com/patrickkabwe/grx/exec/validate.go:139.31,140.136 1 1
github.com/patrickkabwe/grx/exec/validate.go:141.31,142.120 1 1
github.com/patrickkabwe/grx/exec/validate.go:143.22,144.111 1 1
github.com/patrickkabwe/grx/exec/validate.go:145.11,146.79 1 0
github.com/patrickkabwe/grx/exec/validate.go:150.2,150.13 1 1
github.com/patrickkabwe/grx/exec/validate.go:162.21,165.9 3 1
github.com/patrickkabwe/grx/exec/validate.go:165.9,167.3 1 1
github.com/patrickkabwe/grx/exec/validate.go:168.2,170.37 2 1
github.com/patrickkabwe/grx/exec/validate.go:170.37,171.21 1 0
github.com/patrickkabwe/grx/exec/validate.go:171.21,174.4 1 0
github.com/patrickkabwe/grx/exec/validate.go:177.2,180.69 3 1
github.com/patrickkabwe/grx/exec/validate.go:180.69,184.3 1 0
github.com/patrickkabwe/grx/exec/validate.go:186.2,187.9 2 1
github.com/patrickkabwe/grx/exec/validate.go:187.9,189.3 1 0
github.com/patrickkabwe/grx/exec/validate.go:190.2,191.25 2 1
github.com/patrickkabwe/grx/exec/validate.go:191.25,193.3 1 0
github.com/patrickkabwe/grx/exec/validate.go:195.2,197.13 3 1
github.com/patrickkabwe/grx/exec/validate.go:208.21,213.16 4 1
github.com/patrickkabwe/grx/exec/validate.go:213.16,214.20 1 1
github.com/patrickkabwe/grx/exec/validate.go:214.20,216.4 1 0
github.com/patrickkabwe/grx/exec/validate.go:217.3,217.141 1 1
github.com/patrickkabwe/grx/exec/validate.go:220.2,221.9 2 1
github.com/patrickkabwe/grx/exec/validate.go:221.9,223.3 1 1
github.com/patrickkabwe/grx/exec/validate.go:224.2,224.33 1 1
github.com/patrickkabwe/grx/exec/validate.go:224.33,227.3 1 0
github.com/patrickkabwe/grx/exec/validate.go:228.2,228.57 1 1
github.com/patrickkabwe/grx/exec/validate.go:228.57,232.3 1 0
github.com/patrickkabwe/grx/exec/validate.go:234.2,235.25 2 1
github.com/patrickkabwe/grx/exec/validate.go:235.25,237.3 1 1
github.com/patrickkabwe/grx/exec/validate.go:238.2,238.137 1 1
github.com/patrickkabwe/grx/exec/validate.go:249.21,250.19 1 1
github.com/patrickkabwe/grx/exec/validate.go:250.19,252.3 1 0
github.com/patrickkabwe/grx/exec/validate.go:254.2,258.31 4 1
github.com/patrickkabwe/grx/exec/validate.go:258.31,259.30 1 1
github.com/patrickkabwe/grx/exec/validate.go:259.30,262.4 1 0
github.com/patrickkabwe/grx/exec/validate.go:263.3,263.14 1 1
github.com/patrickkabwe/grx/exec/validate.go:266.2,267.9 2 1
github.com/patrickkabwe/grx/exec/validate.go:267.9,270.3 1 1
github.com/patrickkabwe/grx/exec/validate.go:272.2,275.27 3 1
github.com/patrickkabwe/grx/exec/validate.go:275.27,276.30 1 1
github.com/patrickkabwe/grx/exec/validate.go:276.30,280.4 1 1
github.com/patrickkabwe/grx/exec/validate.go:281.3,281.14 1 1
github.com/patrickkabwe/grx/exec/validate.go:284.2,284.30 1 1
github.com/patrickkabwe/grx/exec/validate.go:284.30,289.3 2 1
github.com/patrickkabwe/grx/exec/validate.go:291.2,292.24 2 1
github.com/patrickkabwe/grx/exec/validate.go:292.24,293.40 1 1
github.com/patrickkabwe/grx/exec/validate.go:293.40,294.83 1 1
github.com/patrickkabwe/grx/exec/validate.go:294.83,295.13 1 1
github.com/patrickkabwe/grx/exec/validate.go:297.4,297.60 1 1
github.com/patrickkabwe/grx/exec/validate.go:297.60,298.33 1 1
github.com/patrickkabwe/grx/exec/validate.go:298.33,300.6 1 0
github.com/patrickkabwe/grx/exec/validate.go:300.11,302.6 1 1
github.com/patrickkabwe/grx/exec/validate.go:303.5,303.13 1 1
github.com/patrickkabwe/grx/exec/validate.go:305.4,307.66 1 0
github.com/patrickkabwe/grx/exec/validate.go:309.3,309.14 1 1
github.com/patrickkabwe/grx/exec/validate.go:311.2,312.13 2 1
github.com/patrickkabwe/grx/exec/validate.go:315.130,319.37 3 1
github.com/patrickkabwe/grx/exec/validate.go:319.37,320.24 1 1
github.com/patrickkabwe/grx/exec/validate.go:320.24,323.12 2 0
github.com/patrickkabwe/grx/exec/validate.go:325.3,328.13 3 1
github.com/patrickkabwe/grx/exec/validate.go:328.13,331.12 2 1
github.com/patrickkabwe/grx/exec/validate.go:333.3,333.58 1 1
github.com/patrickkabwe/grx/exec/validate.go:333.58,335.81 2 1
github.com/patrickkabwe/grx/exec/validate.go:335.81,339.5 1 1
github.com/patrickkabwe/grx/exec/validate.go:340.4,340.12 1 1
github.com/patrickkabwe/grx/exec/validate.go:342.3,342.102 1 1
github.com/patrickkabwe/grx/exec/validate.go:345.2,345.33 1 1
github.com/patrickkabwe/grx/exec/validate.go:345.33,346.43 1 1
github.com/patrickkabwe/grx/exec/validate.go:346.43,347.12 1 1
github.com/patrickkabwe/grx/exec/validate.go:349.3,349.30 1 1
github.com/patrickkabwe/grx/exec/validate.go:349.30,350.12 1 1
github.com/patrickkabwe/grx/exec/validate.go:352.3,352.62 1 1
github.com/patrickkabwe/grx/exec/validate.go:352.62,356.4 1 1
github.com/patrickkabwe/grx/exec/validate.go:359.2,359.13 1 1
github.com/patrickkabwe/grx/exec/validate.go:362.78,364.40 2 1
github.com/patrickkabwe/grx/exec/validate.go:364.40,366.3 1 1
github.com/patrickkabwe/grx/exec/validate.go:367.2,368.47 2 1
github.com/patrickkabwe/grx/exec/validate.go:368.47,369.44 1 1
github.com/patrickkabwe/grx/exec/validate.go:369.44,372.12 2 1
github.com/patrickkabwe/grx/exec/validate.go:374.3,374.33 1 1
github.com/patrickkabwe/grx/exec/validate.go:376.2,376.35 1 1
github.com/patrickkabwe/grx/exec/validate.go:376.35,377.12 1 1
github.com/patrickkabwe/grx/exec/validate.go:377.12,380.4 1 1
github.com/patrickkabwe/grx/exec/validate.go:382.2,382.13 1 1
github.com/patrickkabwe/grx/exec/validate.go:385.76,388.33 3 1
github.com/patrickkabwe/grx/exec/validate.go:388.33,389.21 1 1
github.com/patrickkabwe/grx/exec/validate.go:389.21,390.12 1 1
github.com/patrickkabwe/grx/exec/validate.go:392.3,394.10 3 1
github.com/patrickkabwe/grx/exec/validate.go:394.10,396.12 2 1
github.com/patrickkabwe/grx/exec/validate.go:398.3,398.83 1 1
github.com/patrickkabwe/grx/exec/validate.go:398.83,402.4 1 1
github.com/patrickkabwe/grx/exec/validate.go:404.2,404.13 1 1
github.com/patrickkabwe/grx/exec/validate.go:407.74,408.29 1 1
github.com/patrickkabwe/grx/exec/validate.go:408.29,410.3 1 0
github.com/patrickkabwe/grx/exec/validate.go:411.2,411.35 1 1
github.com/patrickkabwe/grx/exec/validate.go:411.35,413.61 2 1
github.com/patrickkabwe/grx/exec/validate.go:413.61,415.4 1 1
github.com/patrickkabwe/grx/exec/validate.go:417.2,417.13 1 1
github.com/patrickkabwe/grx/exec/validate.go:420.75,421.18 1 1
github.com/patrickkabwe/grx/exec/validate.go:421.18,423.3 1 0
github.com/patrickkabwe/grx/exec/validate.go:424.2,424.29 1 1
github.com/patrickkabwe/grx/exec/validate.go:424.29,427.3 2 1
github.com/patrickkabwe/grx/exec/validate.go:428.2,428.33 1 1
github.com/patrickkabwe/grx/exec/validate.go:428.33,429.23 1 1
github.com/patrickkabwe/grx/exec/validate.go:429.23,431.4 1 1
github.com/patrickkabwe/grx/exec/validate.go:433.2,433.35 1 1
github.com/patrickkabwe/grx/exec/validate.go:449.75,452.35 3 1
github.com/patrickkabwe/grx/exec/validate.go:452.35,454.13 2 1
github.com/patrickkabwe/grx/exec/validate.go:454.13,456.12 2 1
github.com/patrickkabwe/grx/exec/validate.go:459.3,460.36 2 1
github.com/patrickkabwe/grx/exec/validate.go:460.36,463.12 2 1
github.com/patrickkabwe/grx/exec/validate.go:465.3,467.29 2 1
github.com/patrickkabwe/grx/exec/validate.go:467.29,470.4 1 0
github.com/patrickkabwe/grx/exec/validate.go:471.3,471.70 1 1
github.com/patrickkabwe/grx/exec/validate.go:473.2,473.13 1 1
github.com/patrickkabwe/grx/exec/validate.go:476.83,477.16 1 1
github.com/patrickkabwe/grx/exec/validate.go:478.25,480.10 2 1
github.com/patrickkabwe/grx/exec/validate.go:480.10,482.4 1 1
github.com/patrickkabwe/grx/exec/validate.go:483.3,483.39 1 1
github.com/patrickkabwe/grx/exec/validate.go:483.39,484.21 1 1
github.com/patrickkabwe/grx/exec/validate.go:484.21,486.5 1 1
github.com/patrickkabwe/grx/exec/validate.go:487.4,487.19 1 1
github.com/patrickkabwe/grx/exec/validate.go:489.3,489.31 1 1
github.com/patrickkabwe/grx/exec/validate.go:489.31,491.4 1 1
github.com/patrickkabwe/grx/exec/validate.go:492.15,493.34 1 1
github.com/patrickkabwe/grx/exec/validate.go:493.34,494.32 1 1
github.com/patrickkabwe/grx/exec/validate.go:494.32,496.5 1 1
github.com/patrickkabwe/grx/exec/validate.go:498.3,498.37 1 1
github.com/patrickkabwe/grx/exec/validate.go:498.37,499.34 1 1
github.com/patrickkabwe/grx/exec/validate.go:499.34,501.5 1 1
github.com/patrickkabwe/grx/exec/validate.go:503.16,504.34 1 1
github.com/patrickkabwe/grx/exec/validate.go:504.34,505.32 1 0
github.com/patrickkabwe/grx/exec/validate.go:505.32,507.5 1 0
github.com/patrickkabwe/grx/exec/validate.go:509.3,509.37 1 1
github.com/patrickkabwe/grx/exec/validate.go:509.37,510.34 1 1
github.com/patrickkabwe/grx/exec/validate.go:510.34,512.5 1 1
github.com/patrickkabwe/grx/exec/validate.go:514.3,514.44 1 1
github.com/patrickkabwe/grx/exec/validate.go:514.44,515.31 1 1
github.com/patrickkabwe/grx/exec/validate.go:515.31,517.5 1 1
github.com/patrickkabwe/grx/exec/validate.go:520.2,520.12 1 1
github.com/patrickkabwe/grx/exec/validate.go:526.83,527.28 1 1
github.com/patrickkabwe/grx/exec/validate.go:527.28,529.3 1 1
github.com/patrickkabwe/grx/exec/validate.go:530.2,532.36 3 1
github.com/patrickkabwe/grx/exec/validate.go:532.36,534.22 2 1
github.com/patrickkabwe/grx/exec/validate.go:534.22,537.4 1 1
github.com/patrickkabwe/grx/exec/validate.go:539.2,539.36 1 1
github.com/patrickkabwe/grx/exec/validate.go:539.36,542.17 3 1
github.com/patrickkabwe/grx/exec/validate.go:542.17,543.12 1 0
github.com/patrickkabwe/grx/exec/validate.go:545.3,546.10 2 1
github.com/patrickkabwe/grx/exec/validate.go:546.10,550.12 1 1
github.com/patrickkabwe/grx/exec/validate.go:552.3,552.22 1 1
github.com/patrickkabwe/grx/exec/validate.go:552.22,555.4 1 0
github.com/patrickkabwe/grx/exec/validate.go:557.2,557.13 1 1
github.com/patrickkabwe/grx/exec/validate.go:563.63,566.70 2 1
github.com/patrickkabwe/grx/exec/validate.go:566.70,567.37 1 1
github.com/patrickkabwe/grx/exec/validate.go:567.37,568.69 1 1
github.com/patrickkabwe/grx/exec/validate.go:568.69,571.5 1 0
github.com/patrickkabwe/grx/exec/validate.go:572.4,572.75 1 1
github.com/patrickkabwe/grx/exec/validate.go:572.75,575.5 1 0
github.com/patrickkabwe/grx/exec/validate.go:581.2,583.34 3 1
github.com/patrickkabwe/grx/exec/validate.go:583.34,584.16 1 1
github.com/patrickkabwe/grx/exec/validate.go:584.16,586.4 1 1
github.com/patrickkabwe/grx/exec/validate.go:588.2,588.13 1 1
github.com/patrickkabwe/grx/exec/validate.go:591.113,592.27 1 1
github.com/patrickkabwe/grx/exec/validate.go:592.27,593.59 1 1
github.com/patrickkabwe/grx/exec/validate.go:593.59,594.22 1 1
github.com/patrickkabwe/grx/exec/validate.go:594.22,596.5 1 1
github.com/patrickkabwe/grx/exec/validate.go:597.4,597.24 1 1
github.com/patrickkabwe/grx/exec/validate.go:597.24,600.5 1 1
github.com/patrickkabwe/grx/exec/validate.go:600.10,602.5 1 1
github.com/patrickkabwe/grx/exec/validate.go:604.3,604.61 1 1
github.com/patrickkabwe/grx/exec/validate.go:606.2,606.13 1 1
github.com/patrickkabwe/grx/exec/validate.go:609.51,611.66 2 1
github.com/patrickkabwe/grx/exec/validate.go:611.66,613.3 1 1
github.com/patrickkabwe/grx/exec/validate.go:614.2,614.70 1 1
github.com/patrickkabwe/grx/exec/validate.go:614.70,616.3 1 1
github.com/patrickkabwe/grx/exec/validate.go:617.2,617.12 1 1
github.com/patrickkabwe/grx/exec/validate.go:623.102,624.38 1 1
github.com/patrickkabwe/grx/exec/validate.go:624.38,626.3 1 0
github.com/patrickkabwe/grx/exec/validate.go:627.2,627.27 1 1
github.com/patrickkabwe/grx/exec/validate.go:628.23,629.19 1 1
github.com/patrickkabwe/grx/exec/validate.go:629.19,632.4 1 1
github.com/patrickkabwe/grx/exec/validate.go:633.3,633.61 1 1
github.com/patrickkabwe/grx/exec/validate.go:634.20,635.19 1 1
github.com/patrickkabwe/grx/exec/validate.go:635.19,637.4 1 0
github.com/patrickkabwe/grx/exec/validate.go:638.3,638.36 1 1
github.com/patrickkabwe/grx/exec/validate.go:638.36,640.30 2 1
github.com/patrickkabwe/grx/exec/validate.go:640.30,642.5 1 1
github.com/patrickkabwe/grx/exec/validate.go:643.4,643.15 1 1
github.com/patrickkabwe/grx/exec/validate.go:645.3,645.61 1 1
github.com/patrickkabwe/grx/exec/validate.go:646.27,647.19 1 1
github.com/patrickkabwe/grx/exec/validate.go:647.19,649.4 1 0
github.com/patrickkabwe/grx/exec/validate.go:650.3,650.53 1 1
github.com/patrickkabwe/grx/exec/validate.go:651.20,652.19 1 1
github.com/patrickkabwe/grx/exec/validate.go:652.19,654.4 1 0
github.com/patrickkabwe/grx/exec/validate.go:655.3,656.10 2 1
github.com/patrickkabwe/grx/exec/validate.go:656.10,659.4 1 1
github.com/patrickkabwe/grx/exec/validate.go:660.3,660.34 1 1
github.com/patrickkabwe/grx/exec/validate.go:660.34,661.22 1 1
github.com/patrickkabwe/grx/exec/validate.go:661.22,663.5 1 1
github.com/patrickkabwe/grx/exec/validate.go:665.3,666.67 1 1
github.com/patrickkabwe/grx/exec/validate.go:667.22,668.19 1 1
github.com/patrickkabwe/grx/exec/validate.go:668.19,670.4 1 0
github.com/patrickkabwe/grx/exec/validate.go:671.3,671.59 1 1
github.com/patrickkabwe/grx/exec/validate.go:672.10,673.13 1 0
github.com/patrickkabwe/grx/exec/validate.go:677.103,679.9 2 1
github.com/patrickkabwe/grx/exec/validate.go:679.9,682.3 1 1
github.com/patrickkabwe/grx/exec/validate.go:683.2,685.24 2 1
github.com/patrickkabwe/grx/exec/validate.go:685.24,686.44 1 1
github.com/patrickkabwe/grx/exec/validate.go:686.44,689.4 1 1
github.com/patrickkabwe/grx/exec/validate.go:692.2,692.37 1 1
github.com/patrickkabwe/grx/exec/validate.go:692.37,694.15 2 1
github.com/patrickkabwe/grx/exec/validate.go:694.15,695.33 1 1
github.com/patrickkabwe/grx/exec/validate.go:695.33,696.62 1 1
github.com/patrickkabwe/grx/exec/validate.go:696.62,699.6 1 1
github.com/patrickkabwe/grx/exec/validate.go:701.4,701.12 1 1
github.com/patrickkabwe/grx/exec/validate.go:703.3,703.73 1 1
github.com/patrickkabwe/grx/exec/validate.go:706.2,706.33 1 1
github.com/patrickkabwe/grx/exec/validate.go:706.33,709.3 1 1
github.com/patrickkabwe/grx/exec/validate.go:711.2,711.13 1 1
github.com/patrickkabwe/grx/exec/validate.go:714.93,715.18 1 1
github.com/patrickkabwe/grx/exec/validate.go:716.13,717.23 1 1
github.com/patrickkabwe/grx/exec/validate.go:718.19,719.14 1 1
github.com/patrickkabwe/grx/exec/validate.go:721.3,721.106 1 1
github.com/patrickkabwe/grx/exec/validate.go:722.15,723.23 1 1
github.com/patrickkabwe/grx/exec/validate.go:724.28,725.14 1 0
github.com/patrickkabwe/grx/exec/validate.go:727.3,727.108 1 1
github.com/patrickkabwe/grx/exec/validate.go:728.17,729.32 1 1
github.com/patrickkabwe/grx/exec/validate.go:729.32,731.4 1 0
github.com/patrickkabwe/grx/exec/validate.go:732.3,732.112 1 1
github.com/patrickkabwe/grx/exec/validate.go:733.16,734.34 1 1
github.com/patrickkabwe/grx/exec/validate.go:734.34,736.4 1 1
github.com/patrickkabwe/grx/exec/validate.go:737.3,737.110 1 1
github.com/patrickkabwe/grx/exec/validate.go:738.12,739.23 1 1
github.com/patrickkabwe/grx/exec/validate.go:740.27,741.14 1 1
github.com/patrickkabwe/grx/exec/validate.go:743.3,743.93 1 1
github.com/patrickkabwe/grx/exec/validate.go:744.10,745.13 1 0
github.com/patrickkabwe/grx/exec/validate.go:749.38,750.34 1 1
github.com/patrickkabwe/grx/exec/validate.go:751.57,752.14 1 1
github.com/patrickkabwe/grx/exec/validate.go:753.10,754.15 1 1
github.com/patrickkabwe/grx/exec/validate.go:758.65,759.26 1 1
github.com/patrickkabwe/grx/exec/validate.go:759.26,761.3 1 1
github.com/patrickkabwe/grx/exec/validate.go:762.2,762.87 1 1
github.com/patrickkabwe/grx/exec/validate.go:762.87,764.3 1 1
github.com/patrickkabwe/grx/exec/validate.go:765.2,767.73 3 1
github.com/patrickkabwe/grx/exec/validate.go:767.73,769.3 1 1
github.com/patrickkabwe/grx/exec/validate.go:770.2,770.14 1 1
github.com/patrickkabwe/grx/exec/validate.go:778.44,780.2 1 1
github.com/patrickkabwe/grx/exec/validate.go:782.86,783.14 1 1
github.com/patrickkabwe/grx/exec/validate.go:784.22,785.21 1 1
github.com/patrickkabwe/grx/exec/validate.go:785.21,787.4 1 0
github.com/patrickkabwe/grx/exec/validate.go:788.3,788.22 1 1
github.com/patrickkabwe/grx/exec/validate.go:789.25,790.24 1 1
github.com/patrickkabwe/grx/exec/validate.go:790.24,792.4 1 1
github.com/patrickkabwe/grx/exec/validate.go:793.3,793.25 1 1
github.com/patrickkabwe/grx/exec/validate.go:794.29,795.28 1 1
github.com/patrickkabwe/grx/exec/validate.go:795.28,797.4 1 1
github.com/patrickkabwe/grx/exec/validate.go:798.3,798.29 1 1
github.com/patrickkabwe/grx/exec/validate.go:799.10,800.60 1 0
github.com/patrickkabwe/grx/exec/validate.go:804.42,805.34 1 1
github.com/patrickkabwe/grx/exec/validate.go:806.56,807.14 1 1
github.com/patrickkabwe/grx/exec/validate.go:808.10,809.15 1 1
github.com/patrickkabwe/grx/exec/validate.go:813.37,814.34 1 1
github.com/patrickkabwe/grx/exec/validate.go:815.36,816.14 1 1
github.com/patrickkabwe/grx/exec/validate.go:817.10,818.15 1 1
github.com/patrickkabwe/grx/exec/validate.go:822.48,823.6 1 1
github.com/patrickkabwe/grx/exec/validate.go:823.6,824.24 1 1
github.com/patrickkabwe/grx/exec/validate.go:825.24,826.16 1 1
github.com/patrickkabwe/grx/exec/validate.go:827.21,828.16 1 1
github.com/patrickkabwe/grx/exec/validate.go:829.11,830.12 1 1
github.com/patrickkabwe/grx/exec/validate.go:835.39,836.14 1 1
github.com/patrickkabwe/grx/exec/validate.go:836.14,838.3 1 0
github.com/patrickkabwe/grx/exec/validate.go:839.2,839.17 1 1
github.com/patrickkabwe/grx/exec/validate.go:842.59,843.39 1 1
github.com/patrickkabwe/grx/exec/validate.go:844.22,845.11 1 1
github.com/patrickkabwe/grx/exec/validate.go:846.25,848.62 1 0
github.com/patrickkabwe/grx/exec/validate.go:849.10,850.13 1 1
github.com/patrickkabwe/grx/exec/validate.go:854.77,856.27 2 1
github.com/patrickkabwe/grx/exec/validate.go:857.22,858.11 1 1
github.com/patrickkabwe/grx/exec/validate.go:859.25,860.62 1 1
github.com/patrickkabwe/grx/exec/validate.go:861.21,862.13 1 1
github.com/patrickkabwe/grx/exec/validate.go:863.10,864.13 1 0
github.com/patrickkabwe/grx/exec/validation_error.go:15.41,15.61 1 1
github.com/patrickkabwe/grx/exec/validation_error.go:17.61,17.83 1 1
github.com/patrickkabwe/grx/exec/validation_error.go:19.88,24.2 1 1
github.com/patrickkabwe/grx/exec/validation_error.go:26.63,28.27 2 1
github.com/patrickkabwe/grx/exec/validation_error.go:28.27,30.3 1 1
github.com/patrickkabwe/grx/exec/validation_error.go:31.2,31.35 1 1
